Version : 1.3.2
../coollive/src/net/qdating/publisher/LSVideoCapture.java:9: 警告: [deprecation] android.hardware中的Camera已过时
import android.hardware.Camera;
                       ^
../coollive/src/net/qdating/publisher/LSVideoCapture.java:10: 警告: [deprecation] android.hardware中的Camera已过时
import android.hardware.Camera.CameraInfo;
                       ^
../coollive/src/net/qdating/publisher/LSVideoCapture.java:10: 警告: [deprecation] android.hardware中的Camera已过时
import android.hardware.Camera.CameraInfo;
                       ^
../coollive/src/net/qdating/publisher/LSVideoCapture.java:10: 警告: [deprecation] Camera中的CameraInfo已过时
import android.hardware.Camera.CameraInfo;
                              ^
../coollive/src/net/qdating/publisher/LSVideoCapture.java:11: 警告: [deprecation] android.hardware中的Camera已过时
import android.hardware.Camera.Size;
                       ^
../coollive/src/net/qdating/publisher/LSVideoCapture.java:11: 警告: [deprecation] android.hardware中的Camera已过时
import android.hardware.Camera.Size;
                       ^
../coollive/src/net/qdating/publisher/LSVideoCapture.java:11: 警告: [deprecation] Camera中的Camera.Size已过时
import android.hardware.Camera.Size;
                              ^
../coollive/src/net/qdating/player/LSVideoHardDecoderFrame.java:103: 警告: [deprecation] CodecCapabilities中的COLOR_FormatYUV420Planar已过时
			case MediaCodecInfo.CodecCapabilities.COLOR_FormatYUV420Planar: {
			                                     ^
../coollive/src/net/qdating/player/LSVideoHardDecoderFrame.java:161: 警告: [deprecation] CodecCapabilities中的COLOR_FormatYUV420SemiPlanar已过时
			case MediaCodecInfo.CodecCapabilities.COLOR_FormatYUV420SemiPlanar: {
			                                     ^
../coollive/src/net/qdating/player/LSVideoHardDecoder.java:142: 警告: [deprecation] CodecCapabilities中的COLOR_FormatYUV420Planar已过时
									if( (caps.colorFormats[k] == MediaCodecInfo.CodecCapabilities.COLOR_FormatYUV420Planar)
									                                                             ^
../coollive/src/net/qdating/player/LSVideoHardDecoder.java:143: 警告: [deprecation] CodecCapabilities中的COLOR_FormatYUV420SemiPlanar已过时
											|| (caps.colorFormats[k] == MediaCodecInfo.CodecCapabilities.COLOR_FormatYUV420SemiPlanar)
											                                                            ^
../coollive/src/net/qdating/player/LSVideoHardDecoder.java:312: 警告: [deprecation] MediaCodec中的getInputBuffers()已过时
	        	ByteBuffer[] inputBuffers = videoCodec.getInputBuffers();
	        	                                      ^
../coollive/src/net/qdating/player/LSVideoHardDecoder.java:353: 警告: [deprecation] MediaCodec中的INFO_OUTPUT_BUFFERS_CHANGED已过时
		        } else if (bufferIndex == MediaCodec.INFO_OUTPUT_BUFFERS_CHANGED) {
		                                            ^
../coollive/src/net/qdating/player/LSVideoHardPlayerRenderer.java:73: 警告: [deprecation] CodecCapabilities中的COLOR_FormatYUV420Planar已过时
				case MediaCodecInfo.CodecCapabilities.COLOR_FormatYUV420Planar: {
				                                     ^
../coollive/src/net/qdating/player/LSVideoHardPlayerRenderer.java:77: 警告: [deprecation] CodecCapabilities中的COLOR_FormatYUV420SemiPlanar已过时
				case MediaCodecInfo.CodecCapabilities.COLOR_FormatYUV420SemiPlanar: {
				                                     ^
../coollive/src/net/qdating/publisher/LSVideoHardEncoder.java:120: 警告: [deprecation] CodecCapabilities中的COLOR_Format32bitARGB8888已过时
															(caps.colorFormats[k] == MediaCodecInfo.CodecCapabilities.COLOR_Format32bitARGB8888)
															                                                         ^
../coollive/src/net/qdating/publisher/LSVideoHardEncoder.java:121: 警告: [deprecation] CodecCapabilities中的COLOR_FormatYUV420Planar已过时
																	|| (caps.colorFormats[k] == MediaCodecInfo.CodecCapabilities.COLOR_FormatYUV420Planar)
																	                                                            ^
../coollive/src/net/qdating/publisher/LSVideoHardEncoder.java:122: 警告: [deprecation] CodecCapabilities中的COLOR_FormatYUV420SemiPlanar已过时
																	|| (caps.colorFormats[k] == MediaCodecInfo.CodecCapabilities.COLOR_FormatYUV420SemiPlanar)
																	                                                            ^
../coollive/src/net/qdating/publisher/LSVideoHardEncoder.java:332: 警告: [deprecation] MediaCodec中的getInputBuffers()已过时
	        	ByteBuffer[] inputBuffers = videoCodec.getInputBuffers();
	        	                                      ^
../coollive/src/net/qdating/publisher/LSVideoHardEncoder.java:371: 警告: [deprecation] MediaCodec中的INFO_OUTPUT_BUFFERS_CHANGED已过时
		        } else if (bufferIndex == MediaCodec.INFO_OUTPUT_BUFFERS_CHANGED) {
		                                            ^
../coollive/src/net/qdating/publisher/LSVideoHardEncoder.java:410: 警告: [deprecation] MediaCodec中的getOutputBuffers()已过时
		        	ByteBuffer[] outputBuffers = videoCodec.getOutputBuffers();
		        	                                       ^
../coollive/src/net/qdating/publisher/LSVideoCaptureRenderer.java:85: 警告: [deprecation] CodecCapabilities中的COLOR_Format32bitARGB8888已过时
			if( LSVideoHardEncoder.supportHardEncoderFormat(publishConfig) == MediaCodecInfo.CodecCapabilities.COLOR_Format32bitARGB8888 ) {
			                                                                                                  ^
../coollive/src/net/qdating/publisher/LSVideoCaptureRenderer.java:87: 警告: [deprecation] CodecCapabilities中的COLOR_FormatYUV420Planar已过时
			} else if( LSVideoHardEncoder.supportHardEncoderFormat(publishConfig) == MediaCodecInfo.CodecCapabilities.COLOR_FormatYUV420Planar ) {
			                                                                                                         ^
../coollive/src/net/qdating/publisher/LSVideoCaptureRenderer.java:89: 警告: [deprecation] CodecCapabilities中的COLOR_FormatYUV420SemiPlanar已过时
			} else if( LSVideoHardEncoder.supportHardEncoderFormat(publishConfig) == MediaCodecInfo.CodecCapabilities.COLOR_FormatYUV420SemiPlanar ) {
			                                                                                                         ^
24 个警告
已添加清单
正在添加: net/(输入 = 0) (输出 = 0)(存储了 0%)
正在添加: net/qdating/(输入 = 0) (输出 = 0)(存储了 0%)
正在添加: net/qdating/LSConfig$DecodeMode.class(输入 = 1151) (输出 = 584)(压缩了 49%)
正在添加: net/qdating/LSPlayer$2.class(输入 = 990) (输出 = 539)(压缩了 45%)
正在添加: net/qdating/LSConfig$FillMode.class(输入 = 1155) (输出 = 594)(压缩了 48%)
正在添加: net/qdating/LSConfig.class(输入 = 1302) (输出 = 729)(压缩了 44%)
正在添加: net/qdating/publisher/(输入 = 0) (输出 = 0)(存储了 0%)
正在添加: net/qdating/publisher/ILSVideoPreviewCallback.class(输入 = 408) (输出 = 259)(压缩了 36%)
正在添加: net/qdating/publisher/LSPublishConfig$1.class(输入 = 901) (输出 = 503)(压缩了 44%)
正在添加: net/qdating/publisher/LSVideoHardEncoder.class(输入 = 10445) (输出 = 4962)(压缩了 52%)
正在添加: net/qdating/publisher/LSVideoHardEncoderFrame.class(输入 = 864) (输出 = 532)(压缩了 38%)
正在添加: net/qdating/publisher/LSVideoCaptureRenderer.class(输入 = 7557) (输出 = 3218)(压缩了 57%)
正在添加: net/qdating/publisher/LSVideoCapture.class(输入 = 10909) (输出 = 5004)(压缩了 54%)
正在添加: net/qdating/publisher/ILSVideoHardEncoderJni.class(输入 = 395) (输出 = 226)(压缩了 42%)
正在添加: net/qdating/publisher/ILSVideoCaptureCallback.class(输入 = 219) (输出 = 172)(压缩了 21%)
正在添加: net/qdating/publisher/ILSPublisherCallback.class(输入 = 230) (输出 = 160)(压缩了 30%)
正在添加: net/qdating/publisher/ILSPublisherStatusCallback.class(输入 = 229) (输出 = 163)(压缩了 28%)
正在添加: net/qdating/publisher/LSAudioRecorder.class(输入 = 3832) (输出 = 1704)(压缩了 55%)
正在添加: net/qdating/publisher/ILSAudioRecorderCallback.class(输入 = 184) (输出 = 146)(压缩了 20%)
正在添加: net/qdating/publisher/LSAudioRecorder$1.class(输入 = 1557) (输出 = 739)(压缩了 52%)
正在添加: net/qdating/publisher/LSPublishConfig.class(输入 = 1587) (输出 = 875)(压缩了 44%)
正在添加: net/qdating/publisher/LSVideoCaptureRenderer$1.class(输入 = 1132) (输出 = 517)(压缩了 54%)
正在添加: net/qdating/publisher/ILSPublisherCallbackJni.class(输入 = 198) (输出 = 152)(压缩了 23%)
正在添加: net/qdating/publisher/LSPublisherJni.class(输入 = 3607) (输出 = 1574)(压缩了 56%)
正在添加: net/qdating/LSPlayer$1.class(输入 = 2220) (输出 = 1131)(压缩了 49%)
正在添加: net/qdating/utils/(输入 = 0) (输出 = 0)(存储了 0%)
正在添加: net/qdating/utils/Log.class(输入 = 4131) (输出 = 2044)(压缩了 50%)
正在添加: net/qdating/LSPublisher.class(输入 = 9220) (输出 = 3950)(压缩了 57%)
正在添加: net/qdating/LSPublisher$3.class(输入 = 1362) (输出 = 712)(压缩了 47%)
正在添加: net/qdating/LSPlayer.class(输入 = 8127) (输出 = 3656)(压缩了 55%)
正在添加: net/qdating/LSPublisher$1.class(输入 = 2627) (输出 = 1220)(压缩了 53%)
正在添加: net/qdating/LSPublisher.java(输入 = 12199) (输出 = 3205)(压缩了 73%)
正在添加: net/qdating/LSPlayer.java(输入 = 9279) (输出 = 2419)(压缩了 73%)
正在添加: net/qdating/LSPublisher$5.class(输入 = 998) (输出 = 546)(压缩了 45%)
正在添加: net/qdating/LSConfig.java(输入 = 2489) (输出 = 909)(压缩了 63%)
正在添加: net/qdating/LSConfig$EncodeMode.class(输入 = 1151) (输出 = 584)(压缩了 49%)
正在添加: net/qdating/filter/(输入 = 0) (输出 = 0)(存储了 0%)
正在添加: net/qdating/filter/LSImageOutputYuvFilter$1.class(输入 = 894) (输出 = 486)(压缩了 45%)
正在添加: net/qdating/filter/LSImageRecordFilter.class(输入 = 3606) (输出 = 1883)(压缩了 47%)
正在添加: net/qdating/filter/LSImageRecordYuvFilter$1.class(输入 = 878) (输出 = 493)(压缩了 43%)
正在添加: net/qdating/filter/LSImageUtil.class(输入 = 4561) (输出 = 2225)(压缩了 51%)
正在添加: net/qdating/filter/LSImageInputYuvFilter$1.class(输入 = 887) (输出 = 485)(压缩了 45%)
正在添加: net/qdating/filter/LSImageFlipFilter$FlipType.class(输入 = 1205) (输出 = 579)(压缩了 51%)
正在添加: net/qdating/filter/LSImageFilter$ImageSize.class(输入 = 585) (输出 = 334)(压缩了 42%)
正在添加: net/qdating/filter/LSImageRecordYuvFilter.class(输入 = 10458) (输出 = 3918)(压缩了 62%)
正在添加: net/qdating/filter/LSImageCropFilter.class(输入 = 1971) (输出 = 1018)(压缩了 48%)
正在添加: net/qdating/filter/LSImageUtilJni.class(输入 = 849) (输出 = 491)(压缩了 42%)
正在添加: net/qdating/filter/LSImageBufferFilter.class(输入 = 3699) (输出 = 1832)(压缩了 50%)
正在添加: net/qdating/filter/LSImageBmpFilter.class(输入 = 929) (输出 = 542)(压缩了 41%)
正在添加: net/qdating/filter/LSImageInputYuvFilter$GL_YUV_Format.class(输入 = 1340) (输出 = 612)(压缩了 54%)
正在添加: net/qdating/filter/LSImageFlipFilter.class(输入 = 1132) (输出 = 565)(压缩了 50%)
正在添加: net/qdating/filter/LSImageVertex.class(输入 = 692) (输出 = 382)(压缩了 44%)
正在添加: net/qdating/filter/LSImageFlipFilter$1.class(输入 = 833) (输出 = 478)(压缩了 42%)
正在添加: net/qdating/filter/LSImageOutputYuvFilter$GL_YUV_Format.class(输入 = 1348) (输出 = 614)(压缩了 54%)
正在添加: net/qdating/filter/LSImageInputCameraFilter.class(输入 = 3010) (输出 = 1605)(压缩了 46%)
正在添加: net/qdating/filter/LSImageRecordFilterCallback.class(输入 = 189) (输出 = 148)(压缩了 21%)
正在添加: net/qdating/filter/LSImageUtil$ColorFormat.class(输入 = 1248) (输出 = 607)(压缩了 51%)
正在添加: net/qdating/filter/LSImageOutputYuvFilter.class(输入 = 7296) (输出 = 3535)(压缩了 51%)
正在添加: net/qdating/filter/LSImageInputYuvFilter.class(输入 = 7366) (输出 = 3561)(压缩了 51%)
正在添加: net/qdating/filter/LSImageFilter.class(输入 = 10681) (输出 = 4911)(压缩了 54%)
正在添加: net/qdating/filter/LSImageOutputFilter.class(输入 = 1803) (输出 = 986)(压缩了 45%)
正在添加: net/qdating/filter/LSImageShader.class(输入 = 3168) (输出 = 1257)(压缩了 60%)
正在添加: net/qdating/filter/LSImageInputFilter.class(输入 = 1844) (输出 = 1012)(压缩了 45%)
正在添加: net/qdating/LSPublisher$2.class(输入 = 1967) (输出 = 992)(压缩了 49%)
正在添加: net/qdating/LSConfig$VideoConfigType.class(输入 = 1210) (输出 = 591)(压缩了 51%)
正在添加: net/qdating/LSPublisher$4.class(输入 = 2128) (输出 = 1082)(压缩了 49%)
正在添加: net/qdating/player/(输入 = 0) (输出 = 0)(存储了 0%)
正在添加: net/qdating/player/LSPlayerJni.class(输入 = 3047) (输出 = 1229)(压缩了 59%)
正在添加: net/qdating/player/LSVideoHardPlayerRenderer.class(输入 = 4189) (输出 = 1902)(压缩了 54%)
正在添加: net/qdating/player/LSVideoHardPlayer.class(输入 = 2523) (输出 = 1221)(压缩了 51%)
正在添加: net/qdating/player/LSAudioPlayer.class(输入 = 4369) (输出 = 2188)(压缩了 49%)
正在添加: net/qdating/player/LSVideoPlayer.class(输入 = 3339) (输出 = 1631)(压缩了 51%)
正在添加: net/qdating/player/ILSVideoHardRendererJni.class(输入 = 223) (输出 = 158)(压缩了 29%)
正在添加: net/qdating/player/LSVideoHardDecoder.class(输入 = 10377) (输出 = 5035)(压缩了 51%)
正在添加: net/qdating/player/LSAudioPlayer$1.class(输入 = 1807) (输出 = 910)(压缩了 49%)
正在添加: net/qdating/player/ILSVideoHardDecoderJni.class(输入 = 425) (输出 = 237)(压缩了 44%)
正在添加: net/qdating/player/ILSPlayerCallback.class(输入 = 248) (输出 = 177)(压缩了 28%)
正在添加: net/qdating/player/ILSVideoRendererJni.class(输入 = 176) (输出 = 144)(压缩了 18%)
正在添加: net/qdating/player/ILSPlayerCallbackJni.class(输入 = 222) (输出 = 172)(压缩了 22%)
正在添加: net/qdating/player/LSVideoHardDecoderFrame.class(输入 = 4297) (输出 = 2252)(压缩了 47%)
正在添加: net/qdating/player/LSVideoPlayerRenderer.class(输入 = 3755) (输出 = 1730)(压缩了 53%)
正在添加: net/qdating/player/ILSAudioRendererJni.class(输入 = 198) (输出 = 161)(压缩了 18%)
正在添加: net/qdating/player/ILSPlayerStatusCallback.class(输入 = 217) (输出 = 160)(压缩了 26%)
正在加载源文件../coollive/src/net/qdating/LSConfig.java...
正在加载源文件../coollive/src/net/qdating/LSPlayer.java...
正在加载源文件../coollive/src/net/qdating/LSPublisher.java...
正在构造 Javadoc 信息...
../coollive/src/net/qdating/LSConfig.java:3: 错误: 程序包net.qdating.utils不存在
import net.qdating.utils.Log;
                        ^
../coollive/src/net/qdating/LSPlayer.java:5: 错误: 程序包android.opengl不存在
import android.opengl.GLSurfaceView;
                     ^
../coollive/src/net/qdating/LSPlayer.java:6: 错误: 程序包android.os不存在
import android.os.Environment;
                 ^
../coollive/src/net/qdating/LSPlayer.java:7: 错误: 程序包android.os不存在
import android.os.Handler;
                 ^
../coollive/src/net/qdating/LSPlayer.java:8: 错误: 程序包android.os不存在
import android.os.Message;
                 ^
../coollive/src/net/qdating/LSPlayer.java:11: 错误: 程序包net.qdating.player不存在
import net.qdating.player.ILSPlayerCallback;
                         ^
../coollive/src/net/qdating/LSPlayer.java:12: 错误: 程序包net.qdating.player不存在
import net.qdating.player.ILSPlayerStatusCallback;
                         ^
../coollive/src/net/qdating/LSPlayer.java:13: 错误: 程序包net.qdating.player不存在
import net.qdating.player.LSAudioPlayer;
                         ^
../coollive/src/net/qdating/LSPlayer.java:14: 错误: 程序包net.qdating.player不存在
import net.qdating.player.LSPlayerJni;
                         ^
../coollive/src/net/qdating/LSPlayer.java:15: 错误: 程序包net.qdating.player不存在
import net.qdating.player.LSVideoHardDecoder;
                         ^
../coollive/src/net/qdating/LSPlayer.java:16: 错误: 程序包net.qdating.player不存在
import net.qdating.player.LSVideoHardPlayer;
                         ^
../coollive/src/net/qdating/LSPlayer.java:17: 错误: 程序包net.qdating.player不存在
import net.qdating.player.LSVideoPlayer;
                         ^
../coollive/src/net/qdating/LSPlayer.java:18: 错误: 程序包net.qdating.utils不存在
import net.qdating.utils.Log;
                        ^
../coollive/src/net/qdating/LSPlayer.java:24: 错误: 找不到符号
public class LSPlayer implements ILSPlayerCallback {
                                 ^
  符号: 类 ILSPlayerCallback
../coollive/src/net/qdating/LSPlayer.java:28: 错误: 找不到符号
	private LSPlayerJni player = new LSPlayerJni();
	        ^
  符号:   类 LSPlayerJni
  位置: 类 LSPlayer
../coollive/src/net/qdating/LSPlayer.java:32: 错误: 找不到符号
	private LSVideoPlayer videoPlayer = new LSVideoPlayer();
	        ^
  符号:   类 LSVideoPlayer
  位置: 类 LSPlayer
../coollive/src/net/qdating/LSPlayer.java:36: 错误: 找不到符号
	private LSAudioPlayer audioPlayer = new LSAudioPlayer();
	        ^
  符号:   类 LSAudioPlayer
  位置: 类 LSPlayer
../coollive/src/net/qdating/LSPlayer.java:40: 错误: 找不到符号
	private LSVideoHardDecoder videoHardDecoder = new LSVideoHardDecoder();
	        ^
  符号:   类 LSVideoHardDecoder
  位置: 类 LSPlayer
../coollive/src/net/qdating/LSPlayer.java:44: 错误: 找不到符号
	private LSVideoHardPlayer videoHardPlayer = new LSVideoHardPlayer();
	        ^
  符号:   类 LSVideoHardPlayer
  位置: 类 LSPlayer
../coollive/src/net/qdating/LSPlayer.java:48: 错误: 找不到符号
	private ILSPlayerStatusCallback statusCallback;
	        ^
  符号:   类 ILSPlayerStatusCallback
  位置: 类 LSPlayer
../coollive/src/net/qdating/LSPlayer.java:52: 错误: 找不到符号
	private Handler handler = new Handler();
	        ^
  符号:   类 Handler
  位置: 类 LSPlayer
../coollive/src/net/qdating/LSPlayer.java:93: 错误: 找不到符号
	public boolean init(GLSurfaceView surfaceView, FillMode fillMode, ILSPlayerStatusCallback statusCallback) {
	                    ^
  符号:   类 GLSurfaceView
  位置: 类 LSPlayer
../coollive/src/net/qdating/LSPlayer.java:93: 错误: 找不到符号
	public boolean init(GLSurfaceView surfaceView, FillMode fillMode, ILSPlayerStatusCallback statusCallback) {
	                                                                  ^
  符号:   类 ILSPlayerStatusCallback
  位置: 类 LSPlayer
../coollive/src/net/qdating/LSPlayer.java:360: 错误: 找不到符号
	public void onConnect(LSPlayerJni player) {
	                      ^
  符号:   类 LSPlayerJni
  位置: 类 LSPlayer
../coollive/src/net/qdating/LSPlayer.java:375: 错误: 找不到符号
	public void onDisconnect(LSPlayerJni player) {
	                         ^
  符号:   类 LSPlayerJni
  位置: 类 LSPlayer
../coollive/src/net/qdating/LSPlayer.java:400: 错误: 找不到符号
	public void onPlayerOnDelayMaxTime(LSPlayerJni player) {
	                                   ^
  符号:   类 LSPlayerJni
  位置: 类 LSPlayer
../coollive/src/net/qdating/LSPublisher.java:6: 错误: 程序包android.app不存在
import android.app.ActivityManager;
                  ^
../coollive/src/net/qdating/LSPublisher.java:7: 错误: 程序包android.content不存在
import android.content.Context;
                      ^
../coollive/src/net/qdating/LSPublisher.java:8: 错误: 程序包android.content.pm不存在
import android.content.pm.ConfigurationInfo;
                         ^
../coollive/src/net/qdating/LSPublisher.java:9: 错误: 程序包android.opengl不存在
import android.opengl.GLSurfaceView;
                     ^
../coollive/src/net/qdating/LSPublisher.java:10: 错误: 程序包android.os不存在
import android.os.Environment;
                 ^
../coollive/src/net/qdating/LSPublisher.java:11: 错误: 程序包android.os不存在
import android.os.Handler;
                 ^
../coollive/src/net/qdating/LSPublisher.java:12: 错误: 程序包android.os不存在
import android.os.Message;
                 ^
../coollive/src/net/qdating/LSPublisher.java:14: 错误: 程序包net.qdating.publisher不存在
import net.qdating.publisher.ILSAudioRecorderCallback;
                            ^
../coollive/src/net/qdating/LSPublisher.java:15: 错误: 程序包net.qdating.publisher不存在
import net.qdating.publisher.ILSPublisherCallback;
                            ^
../coollive/src/net/qdating/LSPublisher.java:16: 错误: 程序包net.qdating.publisher不存在
import net.qdating.publisher.ILSPublisherStatusCallback;
                            ^
../coollive/src/net/qdating/LSPublisher.java:17: 错误: 程序包net.qdating.publisher不存在
import net.qdating.publisher.ILSVideoCaptureCallback;
                            ^
../coollive/src/net/qdating/LSPublisher.java:18: 错误: 程序包net.qdating.publisher不存在
import net.qdating.publisher.LSAudioRecorder;
                            ^
../coollive/src/net/qdating/LSPublisher.java:19: 错误: 程序包net.qdating.publisher不存在
import net.qdating.publisher.LSPublishConfig;
                            ^
../coollive/src/net/qdating/LSPublisher.java:20: 错误: 程序包net.qdating.publisher不存在
import net.qdating.publisher.LSPublisherJni;
                            ^
../coollive/src/net/qdating/LSPublisher.java:21: 错误: 程序包net.qdating.publisher不存在
import net.qdating.publisher.LSVideoCapture;
                            ^
../coollive/src/net/qdating/LSPublisher.java:22: 错误: 程序包net.qdating.publisher不存在
import net.qdating.publisher.LSVideoHardEncoder;
                            ^
../coollive/src/net/qdating/LSPublisher.java:23: 错误: 程序包net.qdating.utils不存在
import net.qdating.utils.Log;
                        ^
../coollive/src/net/qdating/LSPublisher.java:25: 错误: 程序包android.content不存在
import static android.content.Context.ACTIVITY_SERVICE;
                             ^
../coollive/src/net/qdating/LSPublisher.java:25: 错误: 仅从类和接口静态导入
import static android.content.Context.ACTIVITY_SERVICE;
^
../coollive/src/net/qdating/LSPublisher.java:35: 错误: 找不到符号
	private LSPublisherJni publisher = new LSPublisherJni();
	        ^
  符号:   类 LSPublisherJni
  位置: 类 LSPublisher
../coollive/src/net/qdating/LSPublisher.java:39: 错误: 找不到符号
	private LSVideoCapture videoCapture = new LSVideoCapture();
	        ^
  符号:   类 LSVideoCapture
  位置: 类 LSPublisher
../coollive/src/net/qdating/LSPublisher.java:43: 错误: 找不到符号
	private LSAudioRecorder audioRecorder = new LSAudioRecorder();
	        ^
  符号:   类 LSAudioRecorder
  位置: 类 LSPublisher
../coollive/src/net/qdating/LSPublisher.java:47: 错误: 找不到符号
	private LSVideoHardEncoder videoHardEncoder = new LSVideoHardEncoder();
	        ^
  符号:   类 LSVideoHardEncoder
  位置: 类 LSPublisher
../coollive/src/net/qdating/LSPublisher.java:51: 错误: 找不到符号
	private ILSPublisherStatusCallback statusCallback;
	        ^
  符号:   类 ILSPublisherStatusCallback
  位置: 类 LSPublisher
../coollive/src/net/qdating/LSPublisher.java:55: 错误: 找不到符号
	private Handler handler = new Handler();
	        ^
  符号:   类 Handler
  位置: 类 LSPublisher
../coollive/src/net/qdating/LSPublisher.java:88: 错误: 找不到符号
	public static boolean checkDeviceSupport(Context context) {
	                                         ^
  符号:   类 Context
  位置: 类 LSPublisher
../coollive/src/net/qdating/LSPublisher.java:121: 错误: 找不到符号
	public boolean init(Context context,
	                    ^
  符号:   类 Context
  位置: 类 LSPublisher
../coollive/src/net/qdating/LSPublisher.java:122: 错误: 找不到符号
						GLSurfaceView surfaceView,
						^
  符号:   类 GLSurfaceView
  位置: 类 LSPublisher
../coollive/src/net/qdating/LSPublisher.java:125: 错误: 找不到符号
						final ILSPublisherStatusCallback statusCallback,
						      ^
  符号:   类 ILSPublisherStatusCallback
  位置: 类 LSPublisher
标准 Doclet 版本 1.8.0_71
正在构建所有程序包和类的树...
正在生成1.3.2/doc/net/qdating/LSConfig.html...
../coollive/src/net/qdating/LSConfig.java:74: 错误: 不允许使用自关闭元素
	 * 解码模式 <br/>
	        ^
../coollive/src/net/qdating/LSConfig.java:75: 错误: 不允许使用自关闭元素
	 * DecodeModeAuto 自动选择解码模式 <br/>
	                           ^
../coollive/src/net/qdating/LSConfig.java:76: 错误: 不允许使用自关闭元素
	 * DecodeModeSoft 强制选择软解码模式 <br/>
	                            ^
../coollive/src/net/qdating/LSConfig.java:77: 错误: 不允许使用自关闭元素
	 * DecodeModeHard 强制选择硬解码模式 <br/>
	                            ^
../coollive/src/net/qdating/LSConfig.java:86: 错误: 不允许使用自关闭元素
	 * 编码模式 <br/>
	        ^
../coollive/src/net/qdating/LSConfig.java:87: 错误: 不允许使用自关闭元素
	 * EncodeModeAuto 自动选择编码模式 <br/>
	                           ^
../coollive/src/net/qdating/LSConfig.java:88: 错误: 不允许使用自关闭元素
	 * EncodeModeSoft 强制选择编编码模式 <br/>
	                            ^
../coollive/src/net/qdating/LSConfig.java:89: 错误: 不允许使用自关闭元素
	 * EncodeModeHard 强制选择硬编码模式 <br/>
	                            ^
../coollive/src/net/qdating/LSConfig.java:63: 错误: 不允许使用自关闭元素
	 * 渲染模式类型 <br/>
	          ^
../coollive/src/net/qdating/LSConfig.java:64: 错误: 不允许使用自关闭元素
	 * FillModeStretch 			满屏拉伸 <br/>
	                   			     ^
../coollive/src/net/qdating/LSConfig.java:65: 错误: 不允许使用自关闭元素
	 * FillModeAspectRatioFit 	保持比例全图显示 <br/>
	                          	         ^
../coollive/src/net/qdating/LSConfig.java:66: 错误: 不允许使用自关闭元素
	 * FillModeAspectRatioFill 	保持比例全屏显示 <br/>
	                           	         ^
../coollive/src/net/qdating/LSConfig.java:52: 错误: 不允许使用自关闭元素
	 * 视频参数模式 <br/>
	          ^
../coollive/src/net/qdating/LSConfig.java:53: 错误: 不允许使用自关闭元素
	 * VideoConfigType240x240 采集480x640, 编码240x240 <br/>
	                                               ^
../coollive/src/net/qdating/LSConfig.java:54: 错误: 不允许使用自关闭元素
	 * VideoConfigType240x320 采集480x640, 编码240x320 <br/>
	                                               ^
../coollive/src/net/qdating/LSConfig.java:55: 错误: 不允许使用自关闭元素
	 * VideoConfigType320x320 采集480x640, 编码320x320 <br/>
	                                               ^
../coollive/src/net/qdating/LSConfig.java:29: 错误: 不允许使用自关闭元素
	 * 设置日志等级 <br/>
	          ^
../coollive/src/net/qdating/LSConfig.java:30: 错误: 找不到引用
	 * {@link android.util.Log#VERBOSE} <br/>
	          ^
../coollive/src/net/qdating/LSConfig.java:30: 错误: 不允许使用自关闭元素
	 * {@link android.util.Log#VERBOSE} <br/>
	                                    ^
../coollive/src/net/qdating/LSConfig.java:31: 错误: 找不到引用
	 * {@link android.util.Log#DEBUG} <br/>
	          ^
../coollive/src/net/qdating/LSConfig.java:31: 错误: 不允许使用自关闭元素
	 * {@link android.util.Log#DEBUG} <br/>
	                                  ^
../coollive/src/net/qdating/LSConfig.java:32: 错误: 找不到引用
	 * {@link android.util.Log#INFO} <br/>
	          ^
../coollive/src/net/qdating/LSConfig.java:32: 错误: 不允许使用自关闭元素
	 * {@link android.util.Log#INFO} <br/>
	                                 ^
../coollive/src/net/qdating/LSConfig.java:33: 错误: 找不到引用
	 * {@link android.util.Log#WARN} <br/>
	          ^
../coollive/src/net/qdating/LSConfig.java:33: 错误: 不允许使用自关闭元素
	 * {@link android.util.Log#WARN} <br/>
	                                 ^
../coollive/src/net/qdating/LSConfig.java:34: 错误: 找不到引用
	 * {@link android.util.Log#ERROR} <br/>
	          ^
../coollive/src/net/qdating/LSConfig.java:34: 错误: 不允许使用自关闭元素
	 * {@link android.util.Log#ERROR} <br/>
	                                  ^
../coollive/src/net/qdating/LSConfig.java:20: 错误: 不允许使用自关闭元素
	 * 日志路径 <br/>
	        ^
../coollive/src/net/qdating/LSConfig.java:21: 错误: 不允许使用自关闭元素
	 * 如 /sdcard/LOGDIR, 空则不创建目录 <br/>
	                             ^
../coollive/src/net/qdating/LSConfig.java:42: 错误: 不允许使用自关闭元素
	 * 初始化解码缓存(播放器参数) <br/>
	                  ^
../coollive/src/net/qdating/LSConfig.java:43: 错误: 不允许使用自关闭元素
	 * 总量 = 缓存时间 * FPS <br/>
	                   ^
../coollive/src/net/qdating/LSConfig.java:47: 错误: 不允许使用自关闭元素
	 * 初始化编码缓存(推流器参数) <br/>
	                  ^
../coollive/src/net/qdating/LSConfig.java:48: 错误: 不允许使用自关闭元素
	 * 总量 = 缓存时间 * FPS <br/>
	                   ^
正在生成1.3.2/doc/net/qdating/LSConfig.DecodeMode.html...
正在生成1.3.2/doc/net/qdating/LSConfig.EncodeMode.html...
正在生成1.3.2/doc/net/qdating/LSConfig.FillMode.html...
正在生成1.3.2/doc/net/qdating/LSConfig.VideoConfigType.html...
正在生成1.3.2/doc/net/qdating/LSPlayer.html...
../coollive/src/net/qdating/LSPlayer.java:93: 警告: fillMode没有 @param
	public boolean init(GLSurfaceView surfaceView, FillMode fillMode, ILSPlayerStatusCallback statusCallback) {
	               ^
../coollive/src/net/qdating/LSPlayer.java:344: 警告: @return 没有说明
	 * @return
	   ^
正在生成1.3.2/doc/net/qdating/LSPublisher.html...
../coollive/src/net/qdating/LSPublisher.java:88: 警告: context没有 @param
	public static boolean checkDeviceSupport(Context context) {
	                      ^
../coollive/src/net/qdating/LSPublisher.java:121: 警告: context没有 @param
	public boolean init(Context context,
	               ^
../coollive/src/net/qdating/LSPublisher.java:121: 警告: rotation没有 @param
	public boolean init(Context context,
	               ^
../coollive/src/net/qdating/LSPublisher.java:121: 警告: fillMode没有 @param
	public boolean init(Context context,
	               ^
正在生成1.3.2/doc/net/qdating/package-frame.html...
正在生成1.3.2/doc/net/qdating/package-summary.html...
正在生成1.3.2/doc/net/qdating/package-tree.html...
正在生成1.3.2/doc/constant-values.html...
正在构建所有程序包和类的索引...
正在生成1.3.2/doc/overview-tree.html...
正在生成1.3.2/doc/index-all.html...
正在生成1.3.2/doc/deprecated-list.html...
正在构建所有类的索引...
正在生成1.3.2/doc/allclasses-frame.html...
正在生成1.3.2/doc/allclasses-noframe.html...
正在生成1.3.2/doc/index.html...
正在生成1.3.2/doc/help-doc.html...
33 个错误
61 个警告
a obj
a obj/local
a obj/local/armeabi-v7a
a obj/local/x86
a obj/local/arm64-v8a
a obj/local/armeabi
a obj/local/armeabi/librtmpdump.a
a obj/local/armeabi/libz.a
a obj/local/armeabi/liblsutil.so
a obj/local/armeabi/objs
a obj/local/armeabi/libcrashhandler-interface.so
a obj/local/armeabi/libbreakpad_client.a
a obj/local/armeabi/libcrashhandler.so
a obj/local/armeabi/libzip.a
a obj/local/armeabi/libandroidcommon.a
a obj/local/armeabi/libsrs_librtmp.a
a obj/local/armeabi/liblsplayer.so
a obj/local/armeabi/liblspublisher.so
a obj/local/armeabi/libcommon.a
a obj/local/armeabi/liblsimageutil.so
a obj/local/armeabi/objs/crashhandler
a obj/local/armeabi/objs/rtmpdump
a obj/local/armeabi/objs/androidcommon
a obj/local/armeabi/objs/breakpad_client
a obj/local/armeabi/objs/lsutil
a obj/local/armeabi/objs/lspublisher
a obj/local/armeabi/objs/z
a obj/local/armeabi/objs/srs_librtmp
a obj/local/armeabi/objs/lsplayer
a obj/local/armeabi/objs/zip
a obj/local/armeabi/objs/common
a obj/local/armeabi/objs/lsimageutil
a obj/local/armeabi/objs/crashhandler-interface
a obj/local/armeabi/objs/crashhandler-interface/com_qpidnetwork_tool_CrashHandlerJni.o
a obj/local/armeabi/objs/crashhandler-interface/com_qpidnetwork_tool_CrashHandlerJni.o.d
a obj/local/armeabi/objs/lsimageutil/net_qdating_filter_LSImageUtilJni.o
a obj/local/armeabi/objs/lsimageutil/net_qdating_filter_LSImageUtilJni.o.d
a obj/local/armeabi/objs/common/KTcpSocket.o
a obj/local/armeabi/objs/common/IAutoLock.o
a obj/local/armeabi/objs/common/KZip.o
a obj/local/armeabi/objs/common/KLog.o
a obj/local/armeabi/objs/common/md5.o.d
a obj/local/armeabi/objs/common/KUdpSocket.o
a obj/local/armeabi/objs/common/IPAddress.o
a obj/local/armeabi/objs/common/KThread.o
a obj/local/armeabi/objs/common/IAutoLock.o.d
a obj/local/armeabi/objs/common/KSocket.o
a obj/local/armeabi/objs/common/command.o.d
a obj/local/armeabi/objs/common/md5.o
a obj/local/armeabi/objs/common/KZip.o.d
a obj/local/armeabi/objs/common/IPAddress.o.d
a obj/local/armeabi/objs/common/CheckMemoryLeak.o
a obj/local/armeabi/objs/common/KUdpSocket.o.d
a obj/local/armeabi/objs/common/aes.o
a obj/local/armeabi/objs/common/KLog.o.d
a obj/local/armeabi/objs/common/CheckMemoryLeak.o.d
a obj/local/armeabi/objs/common/CheckMemoryList.o
a obj/local/armeabi/objs/common/Arithmetic.o.d
a obj/local/armeabi/objs/common/KTcpSocket.o.d
a obj/local/armeabi/objs/common/KThread.o.d
a obj/local/armeabi/objs/common/Arithmetic.o
a obj/local/armeabi/objs/common/command.o
a obj/local/armeabi/objs/common/aes.o.d
a obj/local/armeabi/objs/common/CommonFunc.o
a obj/local/armeabi/objs/common/KSocket.o.d
a obj/local/armeabi/objs/common/CheckMemoryList.o.d
a obj/local/armeabi/objs/common/CommonFunc.o.d
a obj/local/armeabi/objs/zip/ioapi.o.d
a obj/local/armeabi/objs/zip/mztools.o.d
a obj/local/armeabi/objs/zip/miniunz.o
a obj/local/armeabi/objs/zip/minizip.o
a obj/local/armeabi/objs/zip/unzip.o.d
a obj/local/armeabi/objs/zip/zip.o
a obj/local/armeabi/objs/zip/unzip.o
a obj/local/armeabi/objs/zip/minizip.o.d
a obj/local/armeabi/objs/zip/miniunz.o.d
a obj/local/armeabi/objs/zip/mztools.o
a obj/local/armeabi/objs/zip/zip.o.d
a obj/local/armeabi/objs/zip/ioapi.o
a obj/local/armeabi/objs/lsplayer/net_qdating_player_LSPlayerJni.o.d
a obj/local/armeabi/objs/lsplayer/net_qdating_player_LSPlayerJni.o
a obj/local/armeabi/objs/lsplayer/LSPlayerImp.o
a obj/local/armeabi/objs/lsplayer/LSPlayerImp.o.d
a obj/local/armeabi/objs/srs_librtmp/srs_librtmp.o
a obj/local/armeabi/objs/srs_librtmp/srs_librtmp.o.d
a obj/local/armeabi/objs/z/src
a obj/local/armeabi/objs/z/src/zutil.o
a obj/local/armeabi/objs/z/src/trees.o.d
a obj/local/armeabi/objs/z/src/infback.o
a obj/local/armeabi/objs/z/src/adler32.o.d
a obj/local/armeabi/objs/z/src/inftrees.o
a obj/local/armeabi/objs/z/src/infback.o.d
a obj/local/armeabi/objs/z/src/uncompr.o
a obj/local/armeabi/objs/z/src/inffast.o.d
a obj/local/armeabi/objs/z/src/gzlib.o
a obj/local/armeabi/objs/z/src/inflate.o.d
a obj/local/armeabi/objs/z/src/deflate.o.d
a obj/local/armeabi/objs/z/src/gzclose.o
a obj/local/armeabi/objs/z/src/gzwrite.o
a obj/local/armeabi/objs/z/src/zutil.o.d
a obj/local/armeabi/objs/z/src/trees.o
a obj/local/armeabi/objs/z/src/inffast.o
a obj/local/armeabi/objs/z/src/adler32.o
a obj/local/armeabi/objs/z/src/gzlib.o.d
a obj/local/armeabi/objs/z/src/crc32.o.d
a obj/local/armeabi/objs/z/src/gzwrite.o.d
a obj/local/armeabi/objs/z/src/compress.o
a obj/local/armeabi/objs/z/src/deflate.o
a obj/local/armeabi/objs/z/src/uncompr.o.d
a obj/local/armeabi/objs/z/src/inflate.o
a obj/local/armeabi/objs/z/src/gzclose.o.d
a obj/local/armeabi/objs/z/src/gzread.o
a obj/local/armeabi/objs/z/src/inftrees.o.d
a obj/local/armeabi/objs/z/src/compress.o.d
a obj/local/armeabi/objs/z/src/crc32.o
a obj/local/armeabi/objs/z/src/gzread.o.d
a obj/local/armeabi/objs/lspublisher/LSPublisherImp.o
a obj/local/armeabi/objs/lspublisher/net_qdating_publisher_LSPublisherJni.o
a obj/local/armeabi/objs/lspublisher/LSPublisherImp.o.d
a obj/local/armeabi/objs/lspublisher/net_qdating_publisher_LSPublisherJni.o.d
a obj/local/armeabi/objs/lsutil/net_qdating_utils_LSUtilJni.o
a obj/local/armeabi/objs/lsutil/net_qdating_filter_LSImageUtilJni.o
a obj/local/armeabi/objs/lsutil/net_qdating_utils_LSUtilJni.o.d
a obj/local/armeabi/objs/lsutil/net_qdating_filter_LSImageUtilJni.o.d
a obj/local/armeabi/objs/breakpad_client/src
a obj/local/armeabi/objs/breakpad_client/src/common
a obj/local/armeabi/objs/breakpad_client/src/client
a obj/local/armeabi/objs/breakpad_client/src/client/minidump_file_writer.o.d
a obj/local/armeabi/objs/breakpad_client/src/client/linux
a obj/local/armeabi/objs/breakpad_client/src/client/minidump_file_writer.o
a obj/local/armeabi/objs/breakpad_client/src/client/linux/handler
a obj/local/armeabi/objs/breakpad_client/src/client/linux/minidump_writer
a obj/local/armeabi/objs/breakpad_client/src/client/linux/dump_writer_common
a obj/local/armeabi/objs/breakpad_client/src/client/linux/crash_generation
a obj/local/armeabi/objs/breakpad_client/src/client/linux/log
a obj/local/armeabi/objs/breakpad_client/src/client/linux/microdump_writer
a obj/local/armeabi/objs/breakpad_client/src/client/linux/microdump_writer/microdump_writer.o.d
a obj/local/armeabi/objs/breakpad_client/src/client/linux/microdump_writer/microdump_writer.o
a obj/local/armeabi/objs/breakpad_client/src/client/linux/log/log.o.d
a obj/local/armeabi/objs/breakpad_client/src/client/linux/log/log.o
a obj/local/armeabi/objs/breakpad_client/src/client/linux/crash_generation/crash_generation_client.o
a obj/local/armeabi/objs/breakpad_client/src/client/linux/crash_generation/crash_generation_client.o.d
a obj/local/armeabi/objs/breakpad_client/src/client/linux/dump_writer_common/ucontext_reader.o.d
a obj/local/armeabi/objs/breakpad_client/src/client/linux/dump_writer_common/seccomp_unwinder.o
a obj/local/armeabi/objs/breakpad_client/src/client/linux/dump_writer_common/thread_info.o
a obj/local/armeabi/objs/breakpad_client/src/client/linux/dump_writer_common/thread_info.o.d
a obj/local/armeabi/objs/breakpad_client/src/client/linux/dump_writer_common/ucontext_reader.o
a obj/local/armeabi/objs/breakpad_client/src/client/linux/dump_writer_common/seccomp_unwinder.o.d
a obj/local/armeabi/objs/breakpad_client/src/client/linux/minidump_writer/minidump_writer.o
a obj/local/armeabi/objs/breakpad_client/src/client/linux/minidump_writer/linux_dumper.o.d
a obj/local/armeabi/objs/breakpad_client/src/client/linux/minidump_writer/linux_ptrace_dumper.o
a obj/local/armeabi/objs/breakpad_client/src/client/linux/minidump_writer/linux_ptrace_dumper.o.d
a obj/local/armeabi/objs/breakpad_client/src/client/linux/minidump_writer/minidump_writer.o.d
a obj/local/armeabi/objs/breakpad_client/src/client/linux/minidump_writer/linux_dumper.o
a obj/local/armeabi/objs/breakpad_client/src/client/linux/handler/minidump_descriptor.o
a obj/local/armeabi/objs/breakpad_client/src/client/linux/handler/minidump_descriptor.o.d
a obj/local/armeabi/objs/breakpad_client/src/client/linux/handler/exception_handler.o.d
a obj/local/armeabi/objs/breakpad_client/src/client/linux/handler/exception_handler.o
a obj/local/armeabi/objs/breakpad_client/src/common/md5.o.d
a obj/local/armeabi/objs/breakpad_client/src/common/convert_UTF.o
a obj/local/armeabi/objs/breakpad_client/src/common/md5.o
a obj/local/armeabi/objs/breakpad_client/src/common/convert_UTF.o.d
a obj/local/armeabi/objs/breakpad_client/src/common/linux
a obj/local/armeabi/objs/breakpad_client/src/common/android
a obj/local/armeabi/objs/breakpad_client/src/common/string_conversion.o.d
a obj/local/armeabi/objs/breakpad_client/src/common/string_conversion.o
a obj/local/armeabi/objs/breakpad_client/src/common/android/breakpad_getcontext.o.d
a obj/local/armeabi/objs/breakpad_client/src/common/android/breakpad_getcontext.o
a obj/local/armeabi/objs/breakpad_client/src/common/linux/memory_mapped_file.o
a obj/local/armeabi/objs/breakpad_client/src/common/linux/safe_readlink.o.d
a obj/local/armeabi/objs/breakpad_client/src/common/linux/guid_creator.o
a obj/local/armeabi/objs/breakpad_client/src/common/linux/elfutils.o
a obj/local/armeabi/objs/breakpad_client/src/common/linux/file_id.o.d
a obj/local/armeabi/objs/breakpad_client/src/common/linux/linux_libc_support.o.d
a obj/local/armeabi/objs/breakpad_client/src/common/linux/memory_mapped_file.o.d
a obj/local/armeabi/objs/breakpad_client/src/common/linux/linux_libc_support.o
a obj/local/armeabi/objs/breakpad_client/src/common/linux/guid_creator.o.d
a obj/local/armeabi/objs/breakpad_client/src/common/linux/elfutils.o.d
a obj/local/armeabi/objs/breakpad_client/src/common/linux/safe_readlink.o
a obj/local/armeabi/objs/breakpad_client/src/common/linux/file_id.o
a obj/local/armeabi/objs/androidcommon/DeviceJniIntToType.o
a obj/local/armeabi/objs/androidcommon/DeviceJniIntToType.o.d
a obj/local/armeabi/objs/androidcommon/JniCommonFunc.o
a obj/local/armeabi/objs/androidcommon/JniCommonFunc.o.d
a obj/local/armeabi/objs/rtmpdump/RtmpPublisher.o
a obj/local/armeabi/objs/rtmpdump/RtmpPublisher.o.d
a obj/local/armeabi/objs/rtmpdump/video
a obj/local/armeabi/objs/rtmpdump/RtmpPlayer.o.d
a obj/local/armeabi/objs/rtmpdump/RtmpPlayer.o
a obj/local/armeabi/objs/rtmpdump/PlayerController.o.d
a obj/local/armeabi/objs/rtmpdump/util
a obj/local/armeabi/objs/rtmpdump/PublisherController.o.d
a obj/local/armeabi/objs/rtmpdump/PublisherController.o
a obj/local/armeabi/objs/rtmpdump/Statistics.o.d
a obj/local/armeabi/objs/rtmpdump/RtmpDump.o
a obj/local/armeabi/objs/rtmpdump/PlayerController.o
a obj/local/armeabi/objs/rtmpdump/RtmpDump.o.d
a obj/local/armeabi/objs/rtmpdump/audio
a obj/local/armeabi/objs/rtmpdump/Statistics.o
a obj/local/armeabi/objs/rtmpdump/android
a obj/local/armeabi/objs/rtmpdump/android/VideoHardRendererImp.o.d
a obj/local/armeabi/objs/rtmpdump/android/VideoHardDecoder.o.d
a obj/local/armeabi/objs/rtmpdump/android/AudioRendererImp.o.d
a obj/local/armeabi/objs/rtmpdump/android/VideoRendererImp.o
a obj/local/armeabi/objs/rtmpdump/android/AudioRendererImp.o
a obj/local/armeabi/objs/rtmpdump/android/VideoHardEncoder.o
a obj/local/armeabi/objs/rtmpdump/android/VideoHardEncoder.o.d
a obj/local/armeabi/objs/rtmpdump/android/VideoHardDecoder.o
a obj/local/armeabi/objs/rtmpdump/android/VideoRendererImp.o.d
a obj/local/armeabi/objs/rtmpdump/android/VideoHardRendererImp.o
a obj/local/armeabi/objs/rtmpdump/audio/AudioDecoderAAC.o.d
a obj/local/armeabi/objs/rtmpdump/audio/AudioEncoderAAC.o
a obj/local/armeabi/objs/rtmpdump/audio/AudioFrame.o.d
a obj/local/armeabi/objs/rtmpdump/audio/AudioMuxer.o.d
a obj/local/armeabi/objs/rtmpdump/audio/AudioMuxer.o
a obj/local/armeabi/objs/rtmpdump/audio/AudioRecorderAAC.o
a obj/local/armeabi/objs/rtmpdump/audio/AudioDecoderAAC.o
a obj/local/armeabi/objs/rtmpdump/audio/AudioEncoderAAC.o.d
a obj/local/armeabi/objs/rtmpdump/audio/AudioFrame.o
a obj/local/armeabi/objs/rtmpdump/audio/AudioRecorderAAC.o.d
a obj/local/armeabi/objs/rtmpdump/util/CacheBufferQueue.o.d
a obj/local/armeabi/objs/rtmpdump/util/FrameBuffer.o
a obj/local/armeabi/objs/rtmpdump/util/FrameBuffer.o.d
a obj/local/armeabi/objs/rtmpdump/util/CacheBufferQueue.o
a obj/local/armeabi/objs/rtmpdump/util/EncodeDecodeBuffer.o
a obj/local/armeabi/objs/rtmpdump/util/EncodeDecodeBuffer.o.d
a obj/local/armeabi/objs/rtmpdump/video/VideoRotateFilter.o.d
a obj/local/armeabi/objs/rtmpdump/video/VideoFilters.o
a obj/local/armeabi/objs/rtmpdump/video/VideoFrame.o
a obj/local/armeabi/objs/rtmpdump/video/VideoDecoderH264.o
a obj/local/armeabi/objs/rtmpdump/video/VideoEncoderH264.o
a obj/local/armeabi/objs/rtmpdump/video/VideoMuxer.o
a obj/local/armeabi/objs/rtmpdump/video/VideoDecoderH264.o.d
a obj/local/armeabi/objs/rtmpdump/video/VideoRecorderH264.o.d
a obj/local/armeabi/objs/rtmpdump/video/VideoFormatConverter.o.d
a obj/local/armeabi/objs/rtmpdump/video/VideoRotateFilter.o
a obj/local/armeabi/objs/rtmpdump/video/VideoFormatConverter.o
a obj/local/armeabi/objs/rtmpdump/video/VideoFilters.o.d
a obj/local/armeabi/objs/rtmpdump/video/VideoMuxer.o.d
a obj/local/armeabi/objs/rtmpdump/video/VideoFrame.o.d
a obj/local/armeabi/objs/rtmpdump/video/VideoEncoderH264.o.d
a obj/local/armeabi/objs/rtmpdump/video/VideoRecorderH264.o
a obj/local/armeabi/objs/crashhandler/CrashHandler.o
a obj/local/armeabi/objs/crashhandler/CrashHandler.o.d
a obj/local/arm64-v8a/librtmpdump.a
a obj/local/arm64-v8a/libz.a
a obj/local/arm64-v8a/liblsutil.so
a obj/local/arm64-v8a/objs
a obj/local/arm64-v8a/libcrashhandler-interface.so
a obj/local/arm64-v8a/libbreakpad_client.a
a obj/local/arm64-v8a/libcrashhandler.so
a obj/local/arm64-v8a/libzip.a
a obj/local/arm64-v8a/libandroidcommon.a
a obj/local/arm64-v8a/libsrs_librtmp.a
a obj/local/arm64-v8a/liblsplayer.so
a obj/local/arm64-v8a/liblspublisher.so
a obj/local/arm64-v8a/libcommon.a
a obj/local/arm64-v8a/liblsimageutil.so
a obj/local/arm64-v8a/objs/crashhandler
a obj/local/arm64-v8a/objs/rtmpdump
a obj/local/arm64-v8a/objs/androidcommon
a obj/local/arm64-v8a/objs/breakpad_client
a obj/local/arm64-v8a/objs/lsutil
a obj/local/arm64-v8a/objs/lspublisher
a obj/local/arm64-v8a/objs/z
a obj/local/arm64-v8a/objs/srs_librtmp
a obj/local/arm64-v8a/objs/lsplayer
a obj/local/arm64-v8a/objs/zip
a obj/local/arm64-v8a/objs/common
a obj/local/arm64-v8a/objs/lsimageutil
a obj/local/arm64-v8a/objs/crashhandler-interface
a obj/local/arm64-v8a/objs/crashhandler-interface/com_qpidnetwork_tool_CrashHandlerJni.o
a obj/local/arm64-v8a/objs/crashhandler-interface/com_qpidnetwork_tool_CrashHandlerJni.o.d
a obj/local/arm64-v8a/objs/lsimageutil/net_qdating_filter_LSImageUtilJni.o
a obj/local/arm64-v8a/objs/lsimageutil/net_qdating_filter_LSImageUtilJni.o.d
a obj/local/arm64-v8a/objs/common/KTcpSocket.o
a obj/local/arm64-v8a/objs/common/IAutoLock.o
a obj/local/arm64-v8a/objs/common/KZip.o
a obj/local/arm64-v8a/objs/common/KLog.o
a obj/local/arm64-v8a/objs/common/md5.o.d
a obj/local/arm64-v8a/objs/common/KUdpSocket.o
a obj/local/arm64-v8a/objs/common/IPAddress.o
a obj/local/arm64-v8a/objs/common/KThread.o
a obj/local/arm64-v8a/objs/common/IAutoLock.o.d
a obj/local/arm64-v8a/objs/common/KSocket.o
a obj/local/arm64-v8a/objs/common/command.o.d
a obj/local/arm64-v8a/objs/common/md5.o
a obj/local/arm64-v8a/objs/common/KZip.o.d
a obj/local/arm64-v8a/objs/common/IPAddress.o.d
a obj/local/arm64-v8a/objs/common/CheckMemoryLeak.o
a obj/local/arm64-v8a/objs/common/KUdpSocket.o.d
a obj/local/arm64-v8a/objs/common/aes.o
a obj/local/arm64-v8a/objs/common/KLog.o.d
a obj/local/arm64-v8a/objs/common/CheckMemoryLeak.o.d
a obj/local/arm64-v8a/objs/common/CheckMemoryList.o
a obj/local/arm64-v8a/objs/common/Arithmetic.o.d
a obj/local/arm64-v8a/objs/common/KTcpSocket.o.d
a obj/local/arm64-v8a/objs/common/KThread.o.d
a obj/local/arm64-v8a/objs/common/Arithmetic.o
a obj/local/arm64-v8a/objs/common/command.o
a obj/local/arm64-v8a/objs/common/aes.o.d
a obj/local/arm64-v8a/objs/common/CommonFunc.o
a obj/local/arm64-v8a/objs/common/KSocket.o.d
a obj/local/arm64-v8a/objs/common/CheckMemoryList.o.d
a obj/local/arm64-v8a/objs/common/CommonFunc.o.d
a obj/local/arm64-v8a/objs/zip/ioapi.o.d
a obj/local/arm64-v8a/objs/zip/mztools.o.d
a obj/local/arm64-v8a/objs/zip/miniunz.o
a obj/local/arm64-v8a/objs/zip/minizip.o
a obj/local/arm64-v8a/objs/zip/unzip.o.d
a obj/local/arm64-v8a/objs/zip/zip.o
a obj/local/arm64-v8a/objs/zip/unzip.o
a obj/local/arm64-v8a/objs/zip/minizip.o.d
a obj/local/arm64-v8a/objs/zip/miniunz.o.d
a obj/local/arm64-v8a/objs/zip/mztools.o
a obj/local/arm64-v8a/objs/zip/zip.o.d
a obj/local/arm64-v8a/objs/zip/ioapi.o
a obj/local/arm64-v8a/objs/lsplayer/net_qdating_player_LSPlayerJni.o.d
a obj/local/arm64-v8a/objs/lsplayer/net_qdating_player_LSPlayerJni.o
a obj/local/arm64-v8a/objs/lsplayer/LSPlayerImp.o
a obj/local/arm64-v8a/objs/lsplayer/LSPlayerImp.o.d
a obj/local/arm64-v8a/objs/srs_librtmp/srs_librtmp.o
a obj/local/arm64-v8a/objs/srs_librtmp/srs_librtmp.o.d
a obj/local/arm64-v8a/objs/z/src
a obj/local/arm64-v8a/objs/z/src/zutil.o
a obj/local/arm64-v8a/objs/z/src/trees.o.d
a obj/local/arm64-v8a/objs/z/src/infback.o
a obj/local/arm64-v8a/objs/z/src/adler32.o.d
a obj/local/arm64-v8a/objs/z/src/inftrees.o
a obj/local/arm64-v8a/objs/z/src/infback.o.d
a obj/local/arm64-v8a/objs/z/src/uncompr.o
a obj/local/arm64-v8a/objs/z/src/inffast.o.d
a obj/local/arm64-v8a/objs/z/src/gzlib.o
a obj/local/arm64-v8a/objs/z/src/inflate.o.d
a obj/local/arm64-v8a/objs/z/src/deflate.o.d
a obj/local/arm64-v8a/objs/z/src/gzclose.o
a obj/local/arm64-v8a/objs/z/src/gzwrite.o
a obj/local/arm64-v8a/objs/z/src/zutil.o.d
a obj/local/arm64-v8a/objs/z/src/trees.o
a obj/local/arm64-v8a/objs/z/src/inffast.o
a obj/local/arm64-v8a/objs/z/src/adler32.o
a obj/local/arm64-v8a/objs/z/src/gzlib.o.d
a obj/local/arm64-v8a/objs/z/src/crc32.o.d
a obj/local/arm64-v8a/objs/z/src/gzwrite.o.d
a obj/local/arm64-v8a/objs/z/src/compress.o
a obj/local/arm64-v8a/objs/z/src/deflate.o
a obj/local/arm64-v8a/objs/z/src/uncompr.o.d
a obj/local/arm64-v8a/objs/z/src/inflate.o
a obj/local/arm64-v8a/objs/z/src/gzclose.o.d
a obj/local/arm64-v8a/objs/z/src/gzread.o
a obj/local/arm64-v8a/objs/z/src/inftrees.o.d
a obj/local/arm64-v8a/objs/z/src/compress.o.d
a obj/local/arm64-v8a/objs/z/src/crc32.o
a obj/local/arm64-v8a/objs/z/src/gzread.o.d
a obj/local/arm64-v8a/objs/lspublisher/LSPublisherImp.o
a obj/local/arm64-v8a/objs/lspublisher/net_qdating_publisher_LSPublisherJni.o
a obj/local/arm64-v8a/objs/lspublisher/LSPublisherImp.o.d
a obj/local/arm64-v8a/objs/lspublisher/net_qdating_publisher_LSPublisherJni.o.d
a obj/local/arm64-v8a/objs/lsutil/net_qdating_utils_LSUtilJni.o
a obj/local/arm64-v8a/objs/lsutil/net_qdating_filter_LSImageUtilJni.o
a obj/local/arm64-v8a/objs/lsutil/net_qdating_utils_LSUtilJni.o.d
a obj/local/arm64-v8a/objs/lsutil/net_qdating_filter_LSImageUtilJni.o.d
a obj/local/arm64-v8a/objs/breakpad_client/src
a obj/local/arm64-v8a/objs/breakpad_client/src/common
a obj/local/arm64-v8a/objs/breakpad_client/src/client
a obj/local/arm64-v8a/objs/breakpad_client/src/client/minidump_file_writer.o.d
a obj/local/arm64-v8a/objs/breakpad_client/src/client/linux
a obj/local/arm64-v8a/objs/breakpad_client/src/client/minidump_file_writer.o
a obj/local/arm64-v8a/objs/breakpad_client/src/client/linux/handler
a obj/local/arm64-v8a/objs/breakpad_client/src/client/linux/minidump_writer
a obj/local/arm64-v8a/objs/breakpad_client/src/client/linux/dump_writer_common
a obj/local/arm64-v8a/objs/breakpad_client/src/client/linux/crash_generation
a obj/local/arm64-v8a/objs/breakpad_client/src/client/linux/log
a obj/local/arm64-v8a/objs/breakpad_client/src/client/linux/microdump_writer
a obj/local/arm64-v8a/objs/breakpad_client/src/client/linux/microdump_writer/microdump_writer.o.d
a obj/local/arm64-v8a/objs/breakpad_client/src/client/linux/microdump_writer/microdump_writer.o
a obj/local/arm64-v8a/objs/breakpad_client/src/client/linux/log/log.o.d
a obj/local/arm64-v8a/objs/breakpad_client/src/client/linux/log/log.o
a obj/local/arm64-v8a/objs/breakpad_client/src/client/linux/crash_generation/crash_generation_client.o
a obj/local/arm64-v8a/objs/breakpad_client/src/client/linux/crash_generation/crash_generation_client.o.d
a obj/local/arm64-v8a/objs/breakpad_client/src/client/linux/dump_writer_common/ucontext_reader.o.d
a obj/local/arm64-v8a/objs/breakpad_client/src/client/linux/dump_writer_common/seccomp_unwinder.o
a obj/local/arm64-v8a/objs/breakpad_client/src/client/linux/dump_writer_common/thread_info.o
a obj/local/arm64-v8a/objs/breakpad_client/src/client/linux/dump_writer_common/thread_info.o.d
a obj/local/arm64-v8a/objs/breakpad_client/src/client/linux/dump_writer_common/ucontext_reader.o
a obj/local/arm64-v8a/objs/breakpad_client/src/client/linux/dump_writer_common/seccomp_unwinder.o.d
a obj/local/arm64-v8a/objs/breakpad_client/src/client/linux/minidump_writer/minidump_writer.o
a obj/local/arm64-v8a/objs/breakpad_client/src/client/linux/minidump_writer/linux_dumper.o.d
a obj/local/arm64-v8a/objs/breakpad_client/src/client/linux/minidump_writer/linux_ptrace_dumper.o
a obj/local/arm64-v8a/objs/breakpad_client/src/client/linux/minidump_writer/linux_ptrace_dumper.o.d
a obj/local/arm64-v8a/objs/breakpad_client/src/client/linux/minidump_writer/minidump_writer.o.d
a obj/local/arm64-v8a/objs/breakpad_client/src/client/linux/minidump_writer/linux_dumper.o
a obj/local/arm64-v8a/objs/breakpad_client/src/client/linux/handler/minidump_descriptor.o
a obj/local/arm64-v8a/objs/breakpad_client/src/client/linux/handler/minidump_descriptor.o.d
a obj/local/arm64-v8a/objs/breakpad_client/src/client/linux/handler/exception_handler.o.d
a obj/local/arm64-v8a/objs/breakpad_client/src/client/linux/handler/exception_handler.o
a obj/local/arm64-v8a/objs/breakpad_client/src/common/md5.o.d
a obj/local/arm64-v8a/objs/breakpad_client/src/common/convert_UTF.o
a obj/local/arm64-v8a/objs/breakpad_client/src/common/md5.o
a obj/local/arm64-v8a/objs/breakpad_client/src/common/convert_UTF.o.d
a obj/local/arm64-v8a/objs/breakpad_client/src/common/linux
a obj/local/arm64-v8a/objs/breakpad_client/src/common/android
a obj/local/arm64-v8a/objs/breakpad_client/src/common/string_conversion.o.d
a obj/local/arm64-v8a/objs/breakpad_client/src/common/string_conversion.o
a obj/local/arm64-v8a/objs/breakpad_client/src/common/android/breakpad_getcontext.o.d
a obj/local/arm64-v8a/objs/breakpad_client/src/common/android/breakpad_getcontext.o
a obj/local/arm64-v8a/objs/breakpad_client/src/common/linux/memory_mapped_file.o
a obj/local/arm64-v8a/objs/breakpad_client/src/common/linux/safe_readlink.o.d
a obj/local/arm64-v8a/objs/breakpad_client/src/common/linux/guid_creator.o
a obj/local/arm64-v8a/objs/breakpad_client/src/common/linux/elfutils.o
a obj/local/arm64-v8a/objs/breakpad_client/src/common/linux/file_id.o.d
a obj/local/arm64-v8a/objs/breakpad_client/src/common/linux/linux_libc_support.o.d
a obj/local/arm64-v8a/objs/breakpad_client/src/common/linux/memory_mapped_file.o.d
a obj/local/arm64-v8a/objs/breakpad_client/src/common/linux/linux_libc_support.o
a obj/local/arm64-v8a/objs/breakpad_client/src/common/linux/guid_creator.o.d
a obj/local/arm64-v8a/objs/breakpad_client/src/common/linux/elfutils.o.d
a obj/local/arm64-v8a/objs/breakpad_client/src/common/linux/safe_readlink.o
a obj/local/arm64-v8a/objs/breakpad_client/src/common/linux/file_id.o
a obj/local/arm64-v8a/objs/androidcommon/DeviceJniIntToType.o
a obj/local/arm64-v8a/objs/androidcommon/DeviceJniIntToType.o.d
a obj/local/arm64-v8a/objs/androidcommon/JniCommonFunc.o
a obj/local/arm64-v8a/objs/androidcommon/JniCommonFunc.o.d
a obj/local/arm64-v8a/objs/rtmpdump/RtmpPublisher.o
a obj/local/arm64-v8a/objs/rtmpdump/RtmpPublisher.o.d
a obj/local/arm64-v8a/objs/rtmpdump/video
a obj/local/arm64-v8a/objs/rtmpdump/RtmpPlayer.o.d
a obj/local/arm64-v8a/objs/rtmpdump/RtmpPlayer.o
a obj/local/arm64-v8a/objs/rtmpdump/PlayerController.o.d
a obj/local/arm64-v8a/objs/rtmpdump/util
a obj/local/arm64-v8a/objs/rtmpdump/PublisherController.o.d
a obj/local/arm64-v8a/objs/rtmpdump/PublisherController.o
a obj/local/arm64-v8a/objs/rtmpdump/Statistics.o.d
a obj/local/arm64-v8a/objs/rtmpdump/RtmpDump.o
a obj/local/arm64-v8a/objs/rtmpdump/PlayerController.o
a obj/local/arm64-v8a/objs/rtmpdump/RtmpDump.o.d
a obj/local/arm64-v8a/objs/rtmpdump/audio
a obj/local/arm64-v8a/objs/rtmpdump/Statistics.o
a obj/local/arm64-v8a/objs/rtmpdump/android
a obj/local/arm64-v8a/objs/rtmpdump/android/VideoHardRendererImp.o.d
a obj/local/arm64-v8a/objs/rtmpdump/android/VideoHardDecoder.o.d
a obj/local/arm64-v8a/objs/rtmpdump/android/AudioRendererImp.o.d
a obj/local/arm64-v8a/objs/rtmpdump/android/VideoRendererImp.o
a obj/local/arm64-v8a/objs/rtmpdump/android/AudioRendererImp.o
a obj/local/arm64-v8a/objs/rtmpdump/android/VideoHardEncoder.o
a obj/local/arm64-v8a/objs/rtmpdump/android/VideoHardEncoder.o.d
a obj/local/arm64-v8a/objs/rtmpdump/android/VideoHardDecoder.o
a obj/local/arm64-v8a/objs/rtmpdump/android/VideoRendererImp.o.d
a obj/local/arm64-v8a/objs/rtmpdump/android/VideoHardRendererImp.o
a obj/local/arm64-v8a/objs/rtmpdump/audio/AudioDecoderAAC.o.d
a obj/local/arm64-v8a/objs/rtmpdump/audio/AudioEncoderAAC.o
a obj/local/arm64-v8a/objs/rtmpdump/audio/AudioFrame.o.d
a obj/local/arm64-v8a/objs/rtmpdump/audio/AudioMuxer.o.d
a obj/local/arm64-v8a/objs/rtmpdump/audio/AudioMuxer.o
a obj/local/arm64-v8a/objs/rtmpdump/audio/AudioRecorderAAC.o
a obj/local/arm64-v8a/objs/rtmpdump/audio/AudioDecoderAAC.o
a obj/local/arm64-v8a/objs/rtmpdump/audio/AudioEncoderAAC.o.d
a obj/local/arm64-v8a/objs/rtmpdump/audio/AudioFrame.o
a obj/local/arm64-v8a/objs/rtmpdump/audio/AudioRecorderAAC.o.d
a obj/local/arm64-v8a/objs/rtmpdump/util/CacheBufferQueue.o.d
a obj/local/arm64-v8a/objs/rtmpdump/util/FrameBuffer.o
a obj/local/arm64-v8a/objs/rtmpdump/util/FrameBuffer.o.d
a obj/local/arm64-v8a/objs/rtmpdump/util/CacheBufferQueue.o
a obj/local/arm64-v8a/objs/rtmpdump/util/EncodeDecodeBuffer.o
a obj/local/arm64-v8a/objs/rtmpdump/util/EncodeDecodeBuffer.o.d
a obj/local/arm64-v8a/objs/rtmpdump/video/VideoRotateFilter.o.d
a obj/local/arm64-v8a/objs/rtmpdump/video/VideoFilters.o
a obj/local/arm64-v8a/objs/rtmpdump/video/VideoFrame.o
a obj/local/arm64-v8a/objs/rtmpdump/video/VideoDecoderH264.o
a obj/local/arm64-v8a/objs/rtmpdump/video/VideoEncoderH264.o
a obj/local/arm64-v8a/objs/rtmpdump/video/VideoMuxer.o
a obj/local/arm64-v8a/objs/rtmpdump/video/VideoDecoderH264.o.d
a obj/local/arm64-v8a/objs/rtmpdump/video/VideoRecorderH264.o.d
a obj/local/arm64-v8a/objs/rtmpdump/video/VideoFormatConverter.o.d
a obj/local/arm64-v8a/objs/rtmpdump/video/VideoRotateFilter.o
a obj/local/arm64-v8a/objs/rtmpdump/video/VideoFormatConverter.o
a obj/local/arm64-v8a/objs/rtmpdump/video/VideoFilters.o.d
a obj/local/arm64-v8a/objs/rtmpdump/video/VideoMuxer.o.d
a obj/local/arm64-v8a/objs/rtmpdump/video/VideoFrame.o.d
a obj/local/arm64-v8a/objs/rtmpdump/video/VideoEncoderH264.o.d
a obj/local/arm64-v8a/objs/rtmpdump/video/VideoRecorderH264.o
a obj/local/arm64-v8a/objs/crashhandler/CrashHandler.o
a obj/local/arm64-v8a/objs/crashhandler/CrashHandler.o.d
a obj/local/x86/librtmpdump.a
a obj/local/x86/libz.a
a obj/local/x86/liblsutil.so
a obj/local/x86/objs
a obj/local/x86/libcrashhandler-interface.so
a obj/local/x86/libbreakpad_client.a
a obj/local/x86/libcrashhandler.so
a obj/local/x86/libzip.a
a obj/local/x86/libandroidcommon.a
a obj/local/x86/libsrs_librtmp.a
a obj/local/x86/liblsplayer.so
a obj/local/x86/liblspublisher.so
a obj/local/x86/libcommon.a
a obj/local/x86/liblsimageutil.so
a obj/local/x86/objs/crashhandler
a obj/local/x86/objs/rtmpdump
a obj/local/x86/objs/androidcommon
a obj/local/x86/objs/breakpad_client
a obj/local/x86/objs/lsutil
a obj/local/x86/objs/lspublisher
a obj/local/x86/objs/z
a obj/local/x86/objs/srs_librtmp
a obj/local/x86/objs/lsplayer
a obj/local/x86/objs/zip
a obj/local/x86/objs/common
a obj/local/x86/objs/lsimageutil
a obj/local/x86/objs/crashhandler-interface
a obj/local/x86/objs/crashhandler-interface/com_qpidnetwork_tool_CrashHandlerJni.o
a obj/local/x86/objs/crashhandler-interface/com_qpidnetwork_tool_CrashHandlerJni.o.d
a obj/local/x86/objs/lsimageutil/net_qdating_filter_LSImageUtilJni.o
a obj/local/x86/objs/lsimageutil/net_qdating_filter_LSImageUtilJni.o.d
a obj/local/x86/objs/common/KTcpSocket.o
a obj/local/x86/objs/common/IAutoLock.o
a obj/local/x86/objs/common/KZip.o
a obj/local/x86/objs/common/KLog.o
a obj/local/x86/objs/common/md5.o.d
a obj/local/x86/objs/common/KUdpSocket.o
a obj/local/x86/objs/common/IPAddress.o
a obj/local/x86/objs/common/KThread.o
a obj/local/x86/objs/common/IAutoLock.o.d
a obj/local/x86/objs/common/KSocket.o
a obj/local/x86/objs/common/command.o.d
a obj/local/x86/objs/common/md5.o
a obj/local/x86/objs/common/KZip.o.d
a obj/local/x86/objs/common/IPAddress.o.d
a obj/local/x86/objs/common/CheckMemoryLeak.o
a obj/local/x86/objs/common/KUdpSocket.o.d
a obj/local/x86/objs/common/aes.o
a obj/local/x86/objs/common/KLog.o.d
a obj/local/x86/objs/common/CheckMemoryLeak.o.d
a obj/local/x86/objs/common/CheckMemoryList.o
a obj/local/x86/objs/common/Arithmetic.o.d
a obj/local/x86/objs/common/KTcpSocket.o.d
a obj/local/x86/objs/common/KThread.o.d
a obj/local/x86/objs/common/Arithmetic.o
a obj/local/x86/objs/common/command.o
a obj/local/x86/objs/common/aes.o.d
a obj/local/x86/objs/common/CommonFunc.o
a obj/local/x86/objs/common/KSocket.o.d
a obj/local/x86/objs/common/CheckMemoryList.o.d
a obj/local/x86/objs/common/CommonFunc.o.d
a obj/local/x86/objs/zip/ioapi.o.d
a obj/local/x86/objs/zip/mztools.o.d
a obj/local/x86/objs/zip/miniunz.o
a obj/local/x86/objs/zip/minizip.o
a obj/local/x86/objs/zip/unzip.o.d
a obj/local/x86/objs/zip/zip.o
a obj/local/x86/objs/zip/unzip.o
a obj/local/x86/objs/zip/minizip.o.d
a obj/local/x86/objs/zip/miniunz.o.d
a obj/local/x86/objs/zip/mztools.o
a obj/local/x86/objs/zip/zip.o.d
a obj/local/x86/objs/zip/ioapi.o
a obj/local/x86/objs/lsplayer/net_qdating_player_LSPlayerJni.o.d
a obj/local/x86/objs/lsplayer/net_qdating_player_LSPlayerJni.o
a obj/local/x86/objs/lsplayer/LSPlayerImp.o
a obj/local/x86/objs/lsplayer/LSPlayerImp.o.d
a obj/local/x86/objs/srs_librtmp/srs_librtmp.o
a obj/local/x86/objs/srs_librtmp/srs_librtmp.o.d
a obj/local/x86/objs/z/src
a obj/local/x86/objs/z/src/zutil.o
a obj/local/x86/objs/z/src/trees.o.d
a obj/local/x86/objs/z/src/infback.o
a obj/local/x86/objs/z/src/adler32.o.d
a obj/local/x86/objs/z/src/inftrees.o
a obj/local/x86/objs/z/src/infback.o.d
a obj/local/x86/objs/z/src/uncompr.o
a obj/local/x86/objs/z/src/inffast.o.d
a obj/local/x86/objs/z/src/gzlib.o
a obj/local/x86/objs/z/src/inflate.o.d
a obj/local/x86/objs/z/src/deflate.o.d
a obj/local/x86/objs/z/src/gzclose.o
a obj/local/x86/objs/z/src/gzwrite.o
a obj/local/x86/objs/z/src/zutil.o.d
a obj/local/x86/objs/z/src/trees.o
a obj/local/x86/objs/z/src/inffast.o
a obj/local/x86/objs/z/src/adler32.o
a obj/local/x86/objs/z/src/gzlib.o.d
a obj/local/x86/objs/z/src/crc32.o.d
a obj/local/x86/objs/z/src/gzwrite.o.d
a obj/local/x86/objs/z/src/compress.o
a obj/local/x86/objs/z/src/deflate.o
a obj/local/x86/objs/z/src/uncompr.o.d
a obj/local/x86/objs/z/src/inflate.o
a obj/local/x86/objs/z/src/gzclose.o.d
a obj/local/x86/objs/z/src/gzread.o
a obj/local/x86/objs/z/src/inftrees.o.d
a obj/local/x86/objs/z/src/compress.o.d
a obj/local/x86/objs/z/src/crc32.o
a obj/local/x86/objs/z/src/gzread.o.d
a obj/local/x86/objs/lspublisher/LSPublisherImp.o
a obj/local/x86/objs/lspublisher/net_qdating_publisher_LSPublisherJni.o
a obj/local/x86/objs/lspublisher/LSPublisherImp.o.d
a obj/local/x86/objs/lspublisher/net_qdating_publisher_LSPublisherJni.o.d
a obj/local/x86/objs/lsutil/net_qdating_utils_LSUtilJni.o
a obj/local/x86/objs/lsutil/net_qdating_filter_LSImageUtilJni.o
a obj/local/x86/objs/lsutil/net_qdating_utils_LSUtilJni.o.d
a obj/local/x86/objs/lsutil/net_qdating_filter_LSImageUtilJni.o.d
a obj/local/x86/objs/breakpad_client/src
a obj/local/x86/objs/breakpad_client/src/common
a obj/local/x86/objs/breakpad_client/src/client
a obj/local/x86/objs/breakpad_client/src/client/minidump_file_writer.o.d
a obj/local/x86/objs/breakpad_client/src/client/linux
a obj/local/x86/objs/breakpad_client/src/client/minidump_file_writer.o
a obj/local/x86/objs/breakpad_client/src/client/linux/handler
a obj/local/x86/objs/breakpad_client/src/client/linux/minidump_writer
a obj/local/x86/objs/breakpad_client/src/client/linux/dump_writer_common
a obj/local/x86/objs/breakpad_client/src/client/linux/crash_generation
a obj/local/x86/objs/breakpad_client/src/client/linux/log
a obj/local/x86/objs/breakpad_client/src/client/linux/microdump_writer
a obj/local/x86/objs/breakpad_client/src/client/linux/microdump_writer/microdump_writer.o.d
a obj/local/x86/objs/breakpad_client/src/client/linux/microdump_writer/microdump_writer.o
a obj/local/x86/objs/breakpad_client/src/client/linux/log/log.o.d
a obj/local/x86/objs/breakpad_client/src/client/linux/log/log.o
a obj/local/x86/objs/breakpad_client/src/client/linux/crash_generation/crash_generation_client.o
a obj/local/x86/objs/breakpad_client/src/client/linux/crash_generation/crash_generation_client.o.d
a obj/local/x86/objs/breakpad_client/src/client/linux/dump_writer_common/ucontext_reader.o.d
a obj/local/x86/objs/breakpad_client/src/client/linux/dump_writer_common/seccomp_unwinder.o
a obj/local/x86/objs/breakpad_client/src/client/linux/dump_writer_common/thread_info.o
a obj/local/x86/objs/breakpad_client/src/client/linux/dump_writer_common/thread_info.o.d
a obj/local/x86/objs/breakpad_client/src/client/linux/dump_writer_common/ucontext_reader.o
a obj/local/x86/objs/breakpad_client/src/client/linux/dump_writer_common/seccomp_unwinder.o.d
a obj/local/x86/objs/breakpad_client/src/client/linux/minidump_writer/minidump_writer.o
a obj/local/x86/objs/breakpad_client/src/client/linux/minidump_writer/linux_dumper.o.d
a obj/local/x86/objs/breakpad_client/src/client/linux/minidump_writer/linux_ptrace_dumper.o
a obj/local/x86/objs/breakpad_client/src/client/linux/minidump_writer/linux_ptrace_dumper.o.d
a obj/local/x86/objs/breakpad_client/src/client/linux/minidump_writer/minidump_writer.o.d
a obj/local/x86/objs/breakpad_client/src/client/linux/minidump_writer/linux_dumper.o
a obj/local/x86/objs/breakpad_client/src/client/linux/handler/minidump_descriptor.o
a obj/local/x86/objs/breakpad_client/src/client/linux/handler/minidump_descriptor.o.d
a obj/local/x86/objs/breakpad_client/src/client/linux/handler/exception_handler.o.d
a obj/local/x86/objs/breakpad_client/src/client/linux/handler/exception_handler.o
a obj/local/x86/objs/breakpad_client/src/common/md5.o.d
a obj/local/x86/objs/breakpad_client/src/common/convert_UTF.o
a obj/local/x86/objs/breakpad_client/src/common/md5.o
a obj/local/x86/objs/breakpad_client/src/common/convert_UTF.o.d
a obj/local/x86/objs/breakpad_client/src/common/linux
a obj/local/x86/objs/breakpad_client/src/common/android
a obj/local/x86/objs/breakpad_client/src/common/string_conversion.o.d
a obj/local/x86/objs/breakpad_client/src/common/string_conversion.o
a obj/local/x86/objs/breakpad_client/src/common/android/breakpad_getcontext.o.d
a obj/local/x86/objs/breakpad_client/src/common/android/breakpad_getcontext.o
a obj/local/x86/objs/breakpad_client/src/common/linux/memory_mapped_file.o
a obj/local/x86/objs/breakpad_client/src/common/linux/safe_readlink.o.d
a obj/local/x86/objs/breakpad_client/src/common/linux/guid_creator.o
a obj/local/x86/objs/breakpad_client/src/common/linux/elfutils.o
a obj/local/x86/objs/breakpad_client/src/common/linux/file_id.o.d
a obj/local/x86/objs/breakpad_client/src/common/linux/linux_libc_support.o.d
a obj/local/x86/objs/breakpad_client/src/common/linux/memory_mapped_file.o.d
a obj/local/x86/objs/breakpad_client/src/common/linux/linux_libc_support.o
a obj/local/x86/objs/breakpad_client/src/common/linux/guid_creator.o.d
a obj/local/x86/objs/breakpad_client/src/common/linux/elfutils.o.d
a obj/local/x86/objs/breakpad_client/src/common/linux/safe_readlink.o
a obj/local/x86/objs/breakpad_client/src/common/linux/file_id.o
a obj/local/x86/objs/androidcommon/DeviceJniIntToType.o
a obj/local/x86/objs/androidcommon/DeviceJniIntToType.o.d
a obj/local/x86/objs/androidcommon/JniCommonFunc.o
a obj/local/x86/objs/androidcommon/JniCommonFunc.o.d
a obj/local/x86/objs/rtmpdump/RtmpPublisher.o
a obj/local/x86/objs/rtmpdump/RtmpPublisher.o.d
a obj/local/x86/objs/rtmpdump/video
a obj/local/x86/objs/rtmpdump/RtmpPlayer.o.d
a obj/local/x86/objs/rtmpdump/RtmpPlayer.o
a obj/local/x86/objs/rtmpdump/PlayerController.o.d
a obj/local/x86/objs/rtmpdump/util
a obj/local/x86/objs/rtmpdump/PublisherController.o.d
a obj/local/x86/objs/rtmpdump/PublisherController.o
a obj/local/x86/objs/rtmpdump/Statistics.o.d
a obj/local/x86/objs/rtmpdump/RtmpDump.o
a obj/local/x86/objs/rtmpdump/PlayerController.o
a obj/local/x86/objs/rtmpdump/RtmpDump.o.d
a obj/local/x86/objs/rtmpdump/audio
a obj/local/x86/objs/rtmpdump/Statistics.o
a obj/local/x86/objs/rtmpdump/android
a obj/local/x86/objs/rtmpdump/android/VideoHardRendererImp.o.d
a obj/local/x86/objs/rtmpdump/android/VideoHardDecoder.o.d
a obj/local/x86/objs/rtmpdump/android/AudioRendererImp.o.d
a obj/local/x86/objs/rtmpdump/android/VideoRendererImp.o
a obj/local/x86/objs/rtmpdump/android/AudioRendererImp.o
a obj/local/x86/objs/rtmpdump/android/VideoHardEncoder.o
a obj/local/x86/objs/rtmpdump/android/VideoHardEncoder.o.d
a obj/local/x86/objs/rtmpdump/android/VideoHardDecoder.o
a obj/local/x86/objs/rtmpdump/android/VideoRendererImp.o.d
a obj/local/x86/objs/rtmpdump/android/VideoHardRendererImp.o
a obj/local/x86/objs/rtmpdump/audio/AudioDecoderAAC.o.d
a obj/local/x86/objs/rtmpdump/audio/AudioEncoderAAC.o
a obj/local/x86/objs/rtmpdump/audio/AudioFrame.o.d
a obj/local/x86/objs/rtmpdump/audio/AudioMuxer.o.d
a obj/local/x86/objs/rtmpdump/audio/AudioMuxer.o
a obj/local/x86/objs/rtmpdump/audio/AudioRecorderAAC.o
a obj/local/x86/objs/rtmpdump/audio/AudioDecoderAAC.o
a obj/local/x86/objs/rtmpdump/audio/AudioEncoderAAC.o.d
a obj/local/x86/objs/rtmpdump/audio/AudioFrame.o
a obj/local/x86/objs/rtmpdump/audio/AudioRecorderAAC.o.d
a obj/local/x86/objs/rtmpdump/util/CacheBufferQueue.o.d
a obj/local/x86/objs/rtmpdump/util/FrameBuffer.o
a obj/local/x86/objs/rtmpdump/util/FrameBuffer.o.d
a obj/local/x86/objs/rtmpdump/util/CacheBufferQueue.o
a obj/local/x86/objs/rtmpdump/util/EncodeDecodeBuffer.o
a obj/local/x86/objs/rtmpdump/util/EncodeDecodeBuffer.o.d
a obj/local/x86/objs/rtmpdump/video/VideoRotateFilter.o.d
a obj/local/x86/objs/rtmpdump/video/VideoFilters.o
a obj/local/x86/objs/rtmpdump/video/VideoFrame.o
a obj/local/x86/objs/rtmpdump/video/VideoDecoderH264.o
a obj/local/x86/objs/rtmpdump/video/VideoEncoderH264.o
a obj/local/x86/objs/rtmpdump/video/VideoMuxer.o
a obj/local/x86/objs/rtmpdump/video/VideoDecoderH264.o.d
a obj/local/x86/objs/rtmpdump/video/VideoRecorderH264.o.d
a obj/local/x86/objs/rtmpdump/video/VideoFormatConverter.o.d
a obj/local/x86/objs/rtmpdump/video/VideoRotateFilter.o
a obj/local/x86/objs/rtmpdump/video/VideoFormatConverter.o
a obj/local/x86/objs/rtmpdump/video/VideoFilters.o.d
a obj/local/x86/objs/rtmpdump/video/VideoMuxer.o.d
a obj/local/x86/objs/rtmpdump/video/VideoFrame.o.d
a obj/local/x86/objs/rtmpdump/video/VideoEncoderH264.o.d
a obj/local/x86/objs/rtmpdump/video/VideoRecorderH264.o
a obj/local/x86/objs/crashhandler/CrashHandler.o
a obj/local/x86/objs/crashhandler/CrashHandler.o.d
a obj/local/armeabi-v7a/librtmpdump.a
a obj/local/armeabi-v7a/libz.a
a obj/local/armeabi-v7a/liblsutil.so
a obj/local/armeabi-v7a/objs
a obj/local/armeabi-v7a/libcrashhandler-interface.so
a obj/local/armeabi-v7a/libbreakpad_client.a
a obj/local/armeabi-v7a/libcrashhandler.so
a obj/local/armeabi-v7a/libzip.a
a obj/local/armeabi-v7a/libandroidcommon.a
a obj/local/armeabi-v7a/libsrs_librtmp.a
a obj/local/armeabi-v7a/liblsplayer.so
a obj/local/armeabi-v7a/liblspublisher.so
a obj/local/armeabi-v7a/libcommon.a
a obj/local/armeabi-v7a/liblsimageutil.so
a obj/local/armeabi-v7a/objs/crashhandler
a obj/local/armeabi-v7a/objs/rtmpdump
a obj/local/armeabi-v7a/objs/androidcommon
a obj/local/armeabi-v7a/objs/breakpad_client
a obj/local/armeabi-v7a/objs/lsutil
a obj/local/armeabi-v7a/objs/lspublisher
a obj/local/armeabi-v7a/objs/z
a obj/local/armeabi-v7a/objs/srs_librtmp
a obj/local/armeabi-v7a/objs/lsplayer
a obj/local/armeabi-v7a/objs/zip
a obj/local/armeabi-v7a/objs/common
a obj/local/armeabi-v7a/objs/lsimageutil
a obj/local/armeabi-v7a/objs/crashhandler-interface
a obj/local/armeabi-v7a/objs/crashhandler-interface/com_qpidnetwork_tool_CrashHandlerJni.o
a obj/local/armeabi-v7a/objs/crashhandler-interface/com_qpidnetwork_tool_CrashHandlerJni.o.d
a obj/local/armeabi-v7a/objs/lsimageutil/net_qdating_filter_LSImageUtilJni.o
a obj/local/armeabi-v7a/objs/lsimageutil/net_qdating_filter_LSImageUtilJni.o.d
a obj/local/armeabi-v7a/objs/common/KTcpSocket.o
a obj/local/armeabi-v7a/objs/common/IAutoLock.o
a obj/local/armeabi-v7a/objs/common/KZip.o
a obj/local/armeabi-v7a/objs/common/KLog.o
a obj/local/armeabi-v7a/objs/common/md5.o.d
a obj/local/armeabi-v7a/objs/common/KUdpSocket.o
a obj/local/armeabi-v7a/objs/common/IPAddress.o
a obj/local/armeabi-v7a/objs/common/KThread.o
a obj/local/armeabi-v7a/objs/common/IAutoLock.o.d
a obj/local/armeabi-v7a/objs/common/KSocket.o
a obj/local/armeabi-v7a/objs/common/command.o.d
a obj/local/armeabi-v7a/objs/common/md5.o
a obj/local/armeabi-v7a/objs/common/KZip.o.d
a obj/local/armeabi-v7a/objs/common/IPAddress.o.d
a obj/local/armeabi-v7a/objs/common/CheckMemoryLeak.o
a obj/local/armeabi-v7a/objs/common/KUdpSocket.o.d
a obj/local/armeabi-v7a/objs/common/aes.o
a obj/local/armeabi-v7a/objs/common/KLog.o.d
a obj/local/armeabi-v7a/objs/common/CheckMemoryLeak.o.d
a obj/local/armeabi-v7a/objs/common/CheckMemoryList.o
a obj/local/armeabi-v7a/objs/common/Arithmetic.o.d
a obj/local/armeabi-v7a/objs/common/KTcpSocket.o.d
a obj/local/armeabi-v7a/objs/common/KThread.o.d
a obj/local/armeabi-v7a/objs/common/Arithmetic.o
a obj/local/armeabi-v7a/objs/common/command.o
a obj/local/armeabi-v7a/objs/common/aes.o.d
a obj/local/armeabi-v7a/objs/common/CommonFunc.o
a obj/local/armeabi-v7a/objs/common/KSocket.o.d
a obj/local/armeabi-v7a/objs/common/CheckMemoryList.o.d
a obj/local/armeabi-v7a/objs/common/CommonFunc.o.d
a obj/local/armeabi-v7a/objs/zip/ioapi.o.d
a obj/local/armeabi-v7a/objs/zip/mztools.o.d
a obj/local/armeabi-v7a/objs/zip/miniunz.o
a obj/local/armeabi-v7a/objs/zip/minizip.o
a obj/local/armeabi-v7a/objs/zip/unzip.o.d
a obj/local/armeabi-v7a/objs/zip/zip.o
a obj/local/armeabi-v7a/objs/zip/unzip.o
a obj/local/armeabi-v7a/objs/zip/minizip.o.d
a obj/local/armeabi-v7a/objs/zip/miniunz.o.d
a obj/local/armeabi-v7a/objs/zip/mztools.o
a obj/local/armeabi-v7a/objs/zip/zip.o.d
a obj/local/armeabi-v7a/objs/zip/ioapi.o
a obj/local/armeabi-v7a/objs/lsplayer/net_qdating_player_LSPlayerJni.o.d
a obj/local/armeabi-v7a/objs/lsplayer/net_qdating_player_LSPlayerJni.o
a obj/local/armeabi-v7a/objs/lsplayer/LSPlayerImp.o
a obj/local/armeabi-v7a/objs/lsplayer/LSPlayerImp.o.d
a obj/local/armeabi-v7a/objs/srs_librtmp/srs_librtmp.o
a obj/local/armeabi-v7a/objs/srs_librtmp/srs_librtmp.o.d
a obj/local/armeabi-v7a/objs/z/src
a obj/local/armeabi-v7a/objs/z/src/zutil.o
a obj/local/armeabi-v7a/objs/z/src/trees.o.d
a obj/local/armeabi-v7a/objs/z/src/infback.o
a obj/local/armeabi-v7a/objs/z/src/adler32.o.d
a obj/local/armeabi-v7a/objs/z/src/inftrees.o
a obj/local/armeabi-v7a/objs/z/src/infback.o.d
a obj/local/armeabi-v7a/objs/z/src/uncompr.o
a obj/local/armeabi-v7a/objs/z/src/inffast.o.d
a obj/local/armeabi-v7a/objs/z/src/gzlib.o
a obj/local/armeabi-v7a/objs/z/src/inflate.o.d
a obj/local/armeabi-v7a/objs/z/src/deflate.o.d
a obj/local/armeabi-v7a/objs/z/src/gzclose.o
a obj/local/armeabi-v7a/objs/z/src/gzwrite.o
a obj/local/armeabi-v7a/objs/z/src/zutil.o.d
a obj/local/armeabi-v7a/objs/z/src/trees.o
a obj/local/armeabi-v7a/objs/z/src/inffast.o
a obj/local/armeabi-v7a/objs/z/src/adler32.o
a obj/local/armeabi-v7a/objs/z/src/gzlib.o.d
a obj/local/armeabi-v7a/objs/z/src/crc32.o.d
a obj/local/armeabi-v7a/objs/z/src/gzwrite.o.d
a obj/local/armeabi-v7a/objs/z/src/compress.o
a obj/local/armeabi-v7a/objs/z/src/deflate.o
a obj/local/armeabi-v7a/objs/z/src/uncompr.o.d
a obj/local/armeabi-v7a/objs/z/src/inflate.o
a obj/local/armeabi-v7a/objs/z/src/gzclose.o.d
a obj/local/armeabi-v7a/objs/z/src/gzread.o
a obj/local/armeabi-v7a/objs/z/src/inftrees.o.d
a obj/local/armeabi-v7a/objs/z/src/compress.o.d
a obj/local/armeabi-v7a/objs/z/src/crc32.o
a obj/local/armeabi-v7a/objs/z/src/gzread.o.d
a obj/local/armeabi-v7a/objs/lspublisher/LSPublisherImp.o
a obj/local/armeabi-v7a/objs/lspublisher/net_qdating_publisher_LSPublisherJni.o
a obj/local/armeabi-v7a/objs/lspublisher/LSPublisherImp.o.d
a obj/local/armeabi-v7a/objs/lspublisher/net_qdating_publisher_LSPublisherJni.o.d
a obj/local/armeabi-v7a/objs/lsutil/net_qdating_utils_LSUtilJni.o
a obj/local/armeabi-v7a/objs/lsutil/net_qdating_filter_LSImageUtilJni.o
a obj/local/armeabi-v7a/objs/lsutil/net_qdating_utils_LSUtilJni.o.d
a obj/local/armeabi-v7a/objs/lsutil/net_qdating_filter_LSImageUtilJni.o.d
a obj/local/armeabi-v7a/objs/breakpad_client/src
a obj/local/armeabi-v7a/objs/breakpad_client/src/common
a obj/local/armeabi-v7a/objs/breakpad_client/src/client
a obj/local/armeabi-v7a/objs/breakpad_client/src/client/minidump_file_writer.o.d
a obj/local/armeabi-v7a/objs/breakpad_client/src/client/linux
a obj/local/armeabi-v7a/objs/breakpad_client/src/client/minidump_file_writer.o
a obj/local/armeabi-v7a/objs/breakpad_client/src/client/linux/handler
a obj/local/armeabi-v7a/objs/breakpad_client/src/client/linux/minidump_writer
a obj/local/armeabi-v7a/objs/breakpad_client/src/client/linux/dump_writer_common
a obj/local/armeabi-v7a/objs/breakpad_client/src/client/linux/crash_generation
a obj/local/armeabi-v7a/objs/breakpad_client/src/client/linux/log
a obj/local/armeabi-v7a/objs/breakpad_client/src/client/linux/microdump_writer
a obj/local/armeabi-v7a/objs/breakpad_client/src/client/linux/microdump_writer/microdump_writer.o.d
a obj/local/armeabi-v7a/objs/breakpad_client/src/client/linux/microdump_writer/microdump_writer.o
a obj/local/armeabi-v7a/objs/breakpad_client/src/client/linux/log/log.o.d
a obj/local/armeabi-v7a/objs/breakpad_client/src/client/linux/log/log.o
a obj/local/armeabi-v7a/objs/breakpad_client/src/client/linux/crash_generation/crash_generation_client.o
a obj/local/armeabi-v7a/objs/breakpad_client/src/client/linux/crash_generation/crash_generation_client.o.d
a obj/local/armeabi-v7a/objs/breakpad_client/src/client/linux/dump_writer_common/ucontext_reader.o.d
a obj/local/armeabi-v7a/objs/breakpad_client/src/client/linux/dump_writer_common/seccomp_unwinder.o
a obj/local/armeabi-v7a/objs/breakpad_client/src/client/linux/dump_writer_common/thread_info.o
a obj/local/armeabi-v7a/objs/breakpad_client/src/client/linux/dump_writer_common/thread_info.o.d
a obj/local/armeabi-v7a/objs/breakpad_client/src/client/linux/dump_writer_common/ucontext_reader.o
a obj/local/armeabi-v7a/objs/breakpad_client/src/client/linux/dump_writer_common/seccomp_unwinder.o.d
a obj/local/armeabi-v7a/objs/breakpad_client/src/client/linux/minidump_writer/minidump_writer.o
a obj/local/armeabi-v7a/objs/breakpad_client/src/client/linux/minidump_writer/linux_dumper.o.d
a obj/local/armeabi-v7a/objs/breakpad_client/src/client/linux/minidump_writer/linux_ptrace_dumper.o
a obj/local/armeabi-v7a/objs/breakpad_client/src/client/linux/minidump_writer/linux_ptrace_dumper.o.d
a obj/local/armeabi-v7a/objs/breakpad_client/src/client/linux/minidump_writer/minidump_writer.o.d
a obj/local/armeabi-v7a/objs/breakpad_client/src/client/linux/minidump_writer/linux_dumper.o
a obj/local/armeabi-v7a/objs/breakpad_client/src/client/linux/handler/minidump_descriptor.o
a obj/local/armeabi-v7a/objs/breakpad_client/src/client/linux/handler/minidump_descriptor.o.d
a obj/local/armeabi-v7a/objs/breakpad_client/src/client/linux/handler/exception_handler.o.d
a obj/local/armeabi-v7a/objs/breakpad_client/src/client/linux/handler/exception_handler.o
a obj/local/armeabi-v7a/objs/breakpad_client/src/common/md5.o.d
a obj/local/armeabi-v7a/objs/breakpad_client/src/common/convert_UTF.o
a obj/local/armeabi-v7a/objs/breakpad_client/src/common/md5.o
a obj/local/armeabi-v7a/objs/breakpad_client/src/common/convert_UTF.o.d
a obj/local/armeabi-v7a/objs/breakpad_client/src/common/linux
a obj/local/armeabi-v7a/objs/breakpad_client/src/common/android
a obj/local/armeabi-v7a/objs/breakpad_client/src/common/string_conversion.o.d
a obj/local/armeabi-v7a/objs/breakpad_client/src/common/string_conversion.o
a obj/local/armeabi-v7a/objs/breakpad_client/src/common/android/breakpad_getcontext.o.d
a obj/local/armeabi-v7a/objs/breakpad_client/src/common/android/breakpad_getcontext.o
a obj/local/armeabi-v7a/objs/breakpad_client/src/common/linux/memory_mapped_file.o
a obj/local/armeabi-v7a/objs/breakpad_client/src/common/linux/safe_readlink.o.d
a obj/local/armeabi-v7a/objs/breakpad_client/src/common/linux/guid_creator.o
a obj/local/armeabi-v7a/objs/breakpad_client/src/common/linux/elfutils.o
a obj/local/armeabi-v7a/objs/breakpad_client/src/common/linux/file_id.o.d
a obj/local/armeabi-v7a/objs/breakpad_client/src/common/linux/linux_libc_support.o.d
a obj/local/armeabi-v7a/objs/breakpad_client/src/common/linux/memory_mapped_file.o.d
a obj/local/armeabi-v7a/objs/breakpad_client/src/common/linux/linux_libc_support.o
a obj/local/armeabi-v7a/objs/breakpad_client/src/common/linux/guid_creator.o.d
a obj/local/armeabi-v7a/objs/breakpad_client/src/common/linux/elfutils.o.d
a obj/local/armeabi-v7a/objs/breakpad_client/src/common/linux/safe_readlink.o
a obj/local/armeabi-v7a/objs/breakpad_client/src/common/linux/file_id.o
a obj/local/armeabi-v7a/objs/androidcommon/DeviceJniIntToType.o
a obj/local/armeabi-v7a/objs/androidcommon/DeviceJniIntToType.o.d
a obj/local/armeabi-v7a/objs/androidcommon/JniCommonFunc.o
a obj/local/armeabi-v7a/objs/androidcommon/JniCommonFunc.o.d
a obj/local/armeabi-v7a/objs/rtmpdump/RtmpPublisher.o
a obj/local/armeabi-v7a/objs/rtmpdump/RtmpPublisher.o.d
a obj/local/armeabi-v7a/objs/rtmpdump/video
a obj/local/armeabi-v7a/objs/rtmpdump/RtmpPlayer.o.d
a obj/local/armeabi-v7a/objs/rtmpdump/RtmpPlayer.o
a obj/local/armeabi-v7a/objs/rtmpdump/PlayerController.o.d
a obj/local/armeabi-v7a/objs/rtmpdump/util
a obj/local/armeabi-v7a/objs/rtmpdump/PublisherController.o.d
a obj/local/armeabi-v7a/objs/rtmpdump/PublisherController.o
a obj/local/armeabi-v7a/objs/rtmpdump/Statistics.o.d
a obj/local/armeabi-v7a/objs/rtmpdump/RtmpDump.o
a obj/local/armeabi-v7a/objs/rtmpdump/PlayerController.o
a obj/local/armeabi-v7a/objs/rtmpdump/RtmpDump.o.d
a obj/local/armeabi-v7a/objs/rtmpdump/audio
a obj/local/armeabi-v7a/objs/rtmpdump/Statistics.o
a obj/local/armeabi-v7a/objs/rtmpdump/android
a obj/local/armeabi-v7a/objs/rtmpdump/android/VideoHardRendererImp.o.d
a obj/local/armeabi-v7a/objs/rtmpdump/android/VideoHardDecoder.o.d
a obj/local/armeabi-v7a/objs/rtmpdump/android/AudioRendererImp.o.d
a obj/local/armeabi-v7a/objs/rtmpdump/android/VideoRendererImp.o
a obj/local/armeabi-v7a/objs/rtmpdump/android/AudioRendererImp.o
a obj/local/armeabi-v7a/objs/rtmpdump/android/VideoHardEncoder.o
a obj/local/armeabi-v7a/objs/rtmpdump/android/VideoHardEncoder.o.d
a obj/local/armeabi-v7a/objs/rtmpdump/android/VideoHardDecoder.o
a obj/local/armeabi-v7a/objs/rtmpdump/android/VideoRendererImp.o.d
a obj/local/armeabi-v7a/objs/rtmpdump/android/VideoHardRendererImp.o
a obj/local/armeabi-v7a/objs/rtmpdump/audio/AudioDecoderAAC.o.d
a obj/local/armeabi-v7a/objs/rtmpdump/audio/AudioEncoderAAC.o
a obj/local/armeabi-v7a/objs/rtmpdump/audio/AudioFrame.o.d
a obj/local/armeabi-v7a/objs/rtmpdump/audio/AudioMuxer.o.d
a obj/local/armeabi-v7a/objs/rtmpdump/audio/AudioMuxer.o
a obj/local/armeabi-v7a/objs/rtmpdump/audio/AudioRecorderAAC.o
a obj/local/armeabi-v7a/objs/rtmpdump/audio/AudioDecoderAAC.o
a obj/local/armeabi-v7a/objs/rtmpdump/audio/AudioEncoderAAC.o.d
a obj/local/armeabi-v7a/objs/rtmpdump/audio/AudioFrame.o
a obj/local/armeabi-v7a/objs/rtmpdump/audio/AudioRecorderAAC.o.d
a obj/local/armeabi-v7a/objs/rtmpdump/util/CacheBufferQueue.o.d
a obj/local/armeabi-v7a/objs/rtmpdump/util/FrameBuffer.o
a obj/local/armeabi-v7a/objs/rtmpdump/util/FrameBuffer.o.d
a obj/local/armeabi-v7a/objs/rtmpdump/util/CacheBufferQueue.o
a obj/local/armeabi-v7a/objs/rtmpdump/util/EncodeDecodeBuffer.o
a obj/local/armeabi-v7a/objs/rtmpdump/util/EncodeDecodeBuffer.o.d
a obj/local/armeabi-v7a/objs/rtmpdump/video/VideoRotateFilter.o.d
a obj/local/armeabi-v7a/objs/rtmpdump/video/VideoFilters.o
a obj/local/armeabi-v7a/objs/rtmpdump/video/VideoFrame.o
a obj/local/armeabi-v7a/objs/rtmpdump/video/VideoDecoderH264.o
a obj/local/armeabi-v7a/objs/rtmpdump/video/VideoEncoderH264.o
a obj/local/armeabi-v7a/objs/rtmpdump/video/VideoMuxer.o
a obj/local/armeabi-v7a/objs/rtmpdump/video/VideoDecoderH264.o.d
a obj/local/armeabi-v7a/objs/rtmpdump/video/VideoRecorderH264.o.d
a obj/local/armeabi-v7a/objs/rtmpdump/video/VideoFormatConverter.o.d
a obj/local/armeabi-v7a/objs/rtmpdump/video/VideoRotateFilter.o
a obj/local/armeabi-v7a/objs/rtmpdump/video/VideoFormatConverter.o
a obj/local/armeabi-v7a/objs/rtmpdump/video/VideoFilters.o.d
a obj/local/armeabi-v7a/objs/rtmpdump/video/VideoMuxer.o.d
a obj/local/armeabi-v7a/objs/rtmpdump/video/VideoFrame.o.d
a obj/local/armeabi-v7a/objs/rtmpdump/video/VideoEncoderH264.o.d
a obj/local/armeabi-v7a/objs/rtmpdump/video/VideoRecorderH264.o
a obj/local/armeabi-v7a/objs/crashhandler/CrashHandler.o
a obj/local/armeabi-v7a/objs/crashhandler/CrashHandler.o.d
